0.011364,1
0.051989,0.66667
0.036605,0.75
0.02098,0.91667
0.036364,1
0.028847,0.91667
5.8406e-07,0.91667
0.009616,0.91667
0.015626,0.91667
0.009616,0.83333
5.953e-07,1
0.009616,0.91667
0.032343,0.91667
0.04021,1
5.9689e-07,0.83333
6.01e-07,1
0.041959,1
0.009616,0.91667
0.019231,0.83333
0.055595,1
0.011364,0.91667
0.030595,0.91667
0.009616,1
0.051574,1
0.019231,1
0.051574,1
5.7874e-07,0.91667
5.9819e-07,0.91667
0.009616,0.91667
0.062938,0.83333
0.0096159,0.91667
0.019231,0.91667
0.04622,0.91667
0.061605,0.83333
0.030595,0.83333
0.019231,0.91667
0.034091,1
0.028847,0.91667
0.080595,0.83333
0.02098,0.91667
0.011364,0.91667
0.030595,0.91667
0.059091,0.91667
0.009616,0.91667
0.009616,1
0.028847,0.91667
0.009616,0.91667
0.009616,0.91667
0.019231,1
0.02098,0.91667
0.011364,0.91667
0.030595,0.83333
0.041959,1
0.019231,0.83333
0.045455,0.91667
0.011364,1
6.0176e-07,1
0.02098,0.91667
0.011364,0.91667
5.9842e-07,0.91667
0.030595,1
0.009616,0.58333
0.019231,0.91667
0.030595,1
0.009616,0.91667
0.041959,0.91667
0.009616,0.83333
0.030595,1
0.02098,0.91667
0.055595,0.83333
0.057343,0.66667
0.009616,0.91667
0.055595,0.91667
0.02098,0.91667
5.9119e-07,0.83333
0.028847,0.83333
0.009616,0.91667
0.069472,1
0.009616,0.75
0.02098,0.91667
6.0166e-07,0.91667
0.061605,0.83333
0.009616,1
5.9803e-07,1
0.009616,0.91667
0.009616,0.91667
0.034856,0.83333
6.0813e-07,1
0.011364,0.91667
0.019231,1
0.009616,0.83333
6.1189e-07,1
0.011364,0.91667
0.011364,1
0.04622,1
0.019231,1
6.0228e-07,1
0.019231,0.91667
0.019231,0.83333
0.02098,0.83333
0.009616,0.91667
0.009616,1
0.0096159,0.91667
0.011364,0.91667
6.0061e-07,0.91667
0.032343,0.91667
5.948e-07,0.83333
5.975e-07,0.91667
5.9476e-07,0.83333
0.051989,0.66667
0.041959,0.83333
0.009616,1
0.066959,0.91667
6.1745e-07,0.91667
0.04598,0.83333
0.009616,0.91667
5.9502e-07,0.91667
0.009616,0.83333
5.8602e-07,0.91667
5.9983e-07,1
0.011364,1
0.019231,0.83333
0.0096159,0.91667
0.02098,1
0.034616,0.83333
0.030595,1
0.009616,0.83333
0.009616,1
5.9141e-07,1
0.041959,0.91667
0.034856,1
0.009616,0.91667
0.009616,0.91667
0.028847,0.83333
0.009616,0.91667
0.009616,0.91667
6.0067e-07,1
0.041959,0.83333
0.02098,0.91667
0.02098,1
0.022728,1
0.034856,0.83333
0.009616,0.91667
0.009616,0.91667
0.009616,0.91667
0.030595,0.91667
5.9012e-07,0.83333
5.9704e-07,1
0.009616,1
0.026989,0.91667
0.056251,0.91667
0.011364,0.91667
0.019231,0.83333
0.030595,1
0.04021,1
0.019231,0.91667
0.011364,1
0.077229,1
0.030595,0.91667
0.009616,0.91667
0.057584,0.83333
0.057584,1
0.009616,0.91667
0.011364,1
6.0005e-07,0.91667
0.032343,0.83333
0.041959,1
5.9356e-07,1
5.9688e-07,1
0.034091,1
0.009616,0.91667
0.043707,0.75
0.030595,1
0.041959,0.91667
0.0096159,0.91667
5.8925e-07,1
0.02098,0.91667
0.025001,1
0.02098,0.83333
0.011364,1
0.015626,0.91667
0.13282,0.58333
5.8524e-07,0.83333
0.02098,1
5.9166e-07,1
0.011364,0.83333
0.009616,0.91667
0.009616,1
0.011364,1
0.032343,0.91667
0.057584,1
0.02098,1
5.9408e-07,1
0.080595,0.91667
5.8823e-07,0.83333
0.030595,0.91667
0.011364,1
5.9591e-07,0.83333
5.8465e-07,0.91667
5.9713e-07,1
5.967e-07,1
0.028847,0.91667
0.04021,0.83333
0.032343,1
0.050241,0.91667
0.08007,0.91667
5.8218e-07,0.83333
5.991e-07,0.91667
0.036605,1
0.015626,0.91667
0.059856,1
6.0191e-07,1
0.019231,1
0.019231,0.83333
0.009616,0.83333
0.032343,1
0.02098,1
0.076989,0.66667
0.030595,0.91667
6.2262e-07,1
6.0167e-07,1
0.02098,0.75
0.04021,0.83333
6.0401e-07,1
0.044231,0.91667
0.044231,0.91667
0.009616,0.91667
5.9936e-07,0.91667
0.009616,0.91667
0.051989,0.66667
0.022728,1
0.009616,1
0.02098,1
0.036605,0.91667
0.019231,0.91667
0.009616,0.91667
0.036364,0.91667
0.069231,0.83333
0.009616,0.83333
0.011364,0.91667
6.0034e-07,1
0.019231,0.91667
0.034856,0.91667
0.022728,1
0.019231,0.91667
0.019231,0.83333
0.009616,0.91667
0.019231,0.91667
0.019231,0.91667
0.009616,0.91667
0.02098,1
0.009616,1
0.030595,0.91667
0.030595,0.91667
0.0096159,0.91667
0.009616,0.91667
5.9306e-07,1
0.019231,1
0.02098,1
0.009616,0.91667
5.967e-07,1
0.036364,0.83333
0.026989,1
5.9729e-07,1
0.047968,0.83333
0.02098,0.83333
5.793e-07,1
6.1377e-07,1
0.022728,0.91667
5.9497e-07,0.91667
0.02098,0.83333
0.009616,0.91667
0.040626,0.91667
0.04021,0.83333
0.009616,0.91667
0.055595,0.91667
0.040626,0.91667
0.026989,0.83333
0.009616,0.75
0.030595,1
0.051495,0.91667
0.034616,1
5.9595e-07,0.91667
0.01087,0.875
0.025001,1
5.8957e-07,0.91667
0.01087,0.91667
0.030101,1
0.009616,0.91667
0.019231,0.875
5.7605e-07,1
0.009616,1
0.020486,0.83333
0.031355,0.875
5.8023e-07,1
5.8824e-07,1
0.034616,0.91667
0.020486,0.875
0.01087,0.91667
6.3116e-07,0.875
0.04097,0.875
0.031355,0.91667
5.8023e-07,1
5.8341e-07,0.66667
0.025001,1
0.020486,0.875
0.01087,1
0.01087,0.875
0.025001,1
0.01087,1
6.1335e-07,0.875
0.019231,0.875
0.08309,1
0.01087,0.75
5.8866e-07,1
0.01087,0.875
0.009616,0.91667
0.020486,1
0.030101,0.83333
0.009616,1
0.025001,0.875
0.020486,0.875
0.01087,0.79167
0.015626,0.875
6.0122e-07,0.875
0.020486,0.875
5.8023e-07,1
6.3232e-07,1
6.1619e-07,1
0.030101,0.875
0.01087,0.91667
0.01087,0.875
0.009616,1
6.4487e-07,1
0.031355,1
0.009616,1
6.1219e-07,1
0.020486,0.875
0.01087,0.91667
6.763e-07,0.91667
0.025001,1
0.01087,0.875
0.01087,0.91667
0.019231,0.875
0.03587,1
0.02174,0.875
0.01087,0.91667
0.030101,1
0.009616,0.875
0.02174,0.875
0.009616,0.91667
5.9057e-07,0.91667
0.03587,0.91667
0.020486,0.875
0.01087,0.91667
0.01087,1
0.034616,1
0.020486,0.875
0.02174,0.79167
0.009616,1
0.02174,0.70833
0.009616,0.91667
0.01087,0.79167
0.031355,1
0.03587,1
0.034616,1
0.01087,0.875
6.0279e-07,0.875
0.034616,1
5.8393e-07,0.91667
0.02174,0.875
0.009616,0.875
5.9581e-07,0.91667
0.0096159,1
0.01087,0.91667
5.8475e-07,1
5.9681e-07,1
0.031355,1
0.01087,1
5.9444e-07,0.91667
0.009616,0.70833
0.019231,1
0.030101,0.91667
0.01087,1
0.020486,0.91667
0.009616,0.91667
0.02174,1
0.009616,0.875
0.009616,0.91667
0.01087,0.91667
0.01087,1
5.9034e-07,1
0.009616,0.91667
0.020486,0.875
0.01087,1
5.9378e-07,1
0.01087,0.79167
0.020486,0.875
0.01087,1
0.009616,0.875
0.009616,0.875
0.020486,0.875
5.818e-07,0.91667
0.009616,1
0.025241,1
0.031355,0.91667
0.04097,0.875
5.9033e-07,0.875
6.0378e-07,0.875
0.034616,1
5.9663e-07,0.91667
5.8958e-07,0.75
0.034616,0.83333
0.020486,1
0.037365,0.875
0.01087,1
5.9382e-07,1
6.0836e-07,1
0.01087,0.875
0.01087,1
6.0128e-07,1
0.009616,0.875
0.020486,0.91667
5.9718e-07,1
0.020486,1
0.009616,0.875
5.8747e-07,1
0.009616,0.91667
0.03587,0.91667
0.009616,0.875
5.8496e-07,0.91667
0.009616,0.875
0.020486,0.79167
0.031355,0.875
0.009616,1
5.8679e-07,1
5.946e-07,0.91667
0.031355,0.875
0.01087,0.875
0.01087,1
5.9096e-07,1
0.030101,0.875
0.020485,1
5.8583e-07,1
5.9374e-07,1
0.054348,0.875
0.030101,1
0.009616,1
0.019231,1
0.01087,0.875
0.009616,1
0.020486,1
0.031355,1
0.06271,0.83333
5.7609e-07,1
5.8842e-07,0.875
0.025001,1
6.5477e-07,1
0.01087,0.91667
0.020486,1
0.040626,0.79167
0.020486,0.875
0.020486,0.875
5.853e-07,1
0.037365,0.875
0.031355,0.875
5.9595e-07,0.91667
0.009616,0.79167
6.0785e-07,0.79167
0.039716,1
0.01087,1
0.01087,1
0.025001,1
0.009616,0.875
0.01087,0.875
0.009616,1
0.020485,0.83333
0.009616,0.875
0.020486,1
5.9285e-07,1
5.9061e-07,0.79167
0.020486,1
5.8399e-07,1
0.01087,0.875
0.034856,0.875
0.01087,0.875
5.855e-07,1
5.8472e-07,0.875
0.025001,1
0.019231,0.79167
5.8128e-07,1
0.026495,1
0.045485,0.91667
0.020486,0.875
5.8446e-07,1
6.5582e-07,1
0.01087,1
0.050586,1
0.01087,0.875
0.019231,1
0.020486,0.875
0.01087,0.83333
0.030101,1
0.020486,1
6.0064e-07,0.79167
0.009616,1
5.7745e-07,0.875
6.3336e-07,1
0.065866,0.875
0.031355,0.875
0.01087,0.91667
0.020486,0.875
0.015626,1
0.020486,0.875
5.8023e-07,1
0.009616,1
0.03587,1
0.034616,0.91667
0.020486,0.875
6.0391e-07,1
0.025001,1
0.05184,0.875
0.01087,1
0.01087,0.875
0.009616,1
0.031355,0.875
0.020486,1
0.019231,1
0.009616,1
0.020486,0.875
5.7616e-07,1
5.8472e-07,0.875
0.01087,0.91667
0.030101,0.875
0.020486,0.91667
0.01087,1
0.009616,0.91667
0.009616,0.79167
5.8457e-07,0.91667
6.8052e-07,1
0.040626,1
0.030101,0.875
5.7605e-07,1
0.01087,0.875
0.02174,0.875
0.020486,0.875
0.01087,0.79167
5.9864e-07,1
0.020486,0.875
0.01087,1
0.01087,0.91667
0.01087,1
0.025001,0.875
0.026495,0.875
0.009616,1
5.8945e-07,1
0.025001,1
6.4308e-07,0.875
0.009616,1
5.8985e-07,0.875
6.2276e-07,0.70833
0.02098,0.70833
0.038353,0.625
0.02098,0.625
0.022728,0.625
0.015626,0.625
0.022728,0.625
5.9699e-07,0.79167
0.034091,0.75
6.5206e-07,0.83333
0.038353,0.75
5.888e-07,0.79167
0.011364,0.70833
0.011364,0.83333
0.022728,0.83333
0.022728,0.75
0.049716,0.70833
6.3025e-07,0.625
0.030595,0.83333
5.9942e-07,0.79167
0.015626,0.625
0.02098,0.83333
0.045455,0.75
6.484e-07,0.83333
0.011364,0.70833
0.02098,0.83333
6.2786e-07,0.75
6.025e-07,0.79167
0.022728,0.75
0.022728,0.83333
0.041959,0.70833
0.068947,0.625
6.9985e-07,0.83333
0.02098,0.83333
0.009616,0.70833
6.8736e-07,0.70833
0.045455,0.75
0.026989,0.70833
0.022728,0.75
5.993e-07,0.79167
0.011364,0.83333
0.02098,0.83333
0.022728,0.83333
6.3596e-07,0.70833
0.043707,0.75
0.032343,0.83333
0.022728,0.625
6.036e-07,0.83333
0.02098,0.75
0.043707,0.83333
0.022728,0.70833
6.2097e-07,0.83333
0.022728,0.83333
6.5243e-07,0.70833
0.043707,0.83333
6.918e-07,0.75
0.05507,0.75
6.8121e-07,0.83333
0.047968,0.625
5.8897e-07,0.79167
0.009616,0.70833
0.02098,0.83333
0.026989,0.75
6.0095e-07,0.79167
0.043707,0.83333
0.038353,0.70833
0.05507,0.75
5.9894e-07,0.79167
0.02098,0.70833
6.9757e-07,0.83333
0.02098,0.625
6.2819e-07,0.83333
0.02098,0.83333
0.02098,0.83333
0.022728,0.70833
0.022728,0.79167
0.011364,0.70833
0.036605,0.70833
6.2194e-07,0.83333
6.7996e-07,0.83333
0.011364,0.625
0.032343,0.83333
0.022728,0.625
6.0559e-07,0.70833
0.090582,0.83333
0.02098,0.70833
0.034091,0.75
0.011364,0.83333
0.032343,0.91667
0.032343,0.83333
0.02098,0.75
5.9548e-07,0.79167
0.036605,0.75
0.009616,0.70833
0.066434,0.75
5.9902e-07,0.79167
0.034092,0.83333
0.043707,0.83333
6.3665e-07,0.625
6.4952e-07,0.79167
0.047968,0.75
0.022728,0.83333
0.069603,0.625
0.032343,0.75
0.011364,0.75
0.015626,0.70833
6.485e-07,0.625
0.022728,0.75
0.011364,0.625
0.02098,0.83333
0.022728,0.70833
6.0048e-07,0.79167
0.072444,0.75
0.047968,0.70833
0.045455,0.625
5.9945e-07,0.79167
6.2276e-07,0.70833
0.015626,0.70833
0.011364,0.75
0.076989,0.75
0.011364,0.75
0.022728,0.83333
0.022728,0.70833
5.984e-07,0.91667
0.068947,0.75
0.043707,0.83333
0.045455,0.75
6.0382e-07,0.91667
0.043707,0.66667
7.1772e-07,0.83333
0.011364,0.70833
5.971e-07,0.79167
0.032343,0.79167
0.034092,0.54167
0.022728,0.70833
6.3866e-07,0.625
0.011364,0.83333
0.045455,0.75
0.022728,0.83333
0.043707,0.70833
0.022728,0.83333
6.8781e-07,0.83333
0.011364,0.625
5.9601e-07,0.79167
6.2276e-07,0.70833
6.482e-07,0.625
0.022728,0.75
6.0792e-07,0.70833
0.084332,0.625
0.011364,0.83333
0.011364,0.70833
6.2113e-07,0.91667
0.043707,0.75
0.032343,0.70833
0.022728,0.625
0.011364,0.83333
0.022728,0.625
0.011364,0.83333
0.022728,0.83333
0.032343,0.70833
0.02098,0.83333
0.032343,0.83333
0.043707,0.625
6.0048e-07,0.79167
0.011364,0.70833
6.3796e-07,0.70833
0.034091,0.54167
0.011364,0.79167
0.059332,0.625
0.011364,0.79167
0.038353,0.625
0.045455,0.70833
0.022728,0.83333
0.02098,0.83333
0.022728,0.75
5.9943e-07,0.79167
6.2276e-07,0.70833
0.022728,0.83333
0.05507,0.75
0.011364,0.91667
0.036605,0.75
0.02098,0.83333
0.019231,0.70833
5.885e-07,0.79167
0.034091,0.91667
0.011364,0.83333
6.1894e-07,0.83333
6.5131e-07,0.70833
0.043707,0.75
0.026989,0.70833
0.011364,0.625
0.056819,0.75
0.02098,0.83333
0.022728,0.83333
6.2561e-07,0.83333
0.034092,0.83333
0.030595,0.625
6.9055e-07,0.83333
0.034091,0.70833
0.011364,0.75
0.031251,0.625
0.011364,0.83333
0.02098,0.75
0.015626,0.70833
0.011364,0.75
0.032343,0.83333
6.2496e-07,0.83333
5.9738e-07,0.91667
0.011364,0.75
0.034092,0.83333
0.02098,0.625
0.032343,0.75
0.095695,0.75
0.032343,0.83333
0.034091,0.75
6.6928e-07,0.70833
0.022728,0.625
0.009616,0.83333
0.053322,0.75
6.0079e-07,0.79167
0.051574,0.54167
0.032343,0.83333
0.034091,0.75
5.9415e-07,0.79167
0.011364,0.75
0.011364,0.83333
0.066434,0.75
6.1611e-07,0.83333
0.02098,0.625
0.02098,0.83333
0.032343,0.91667
5.9775e-07,0.79167
0.02098,0.75
0.022728,0.83333
0.032343,0.66667
5.9755e-07,0.70833
0.065451,0.75
0.032343,0.70833
0.043707,0.75
5.9462e-07,0.79167
0.022728,0.75
0.022728,0.83333
0.02098,0.625
5.9807e-07,0.79167
6.5279e-07,0.70833
6.5252e-07,0.83333
0.011364,0.75
5.9657e-07,0.79167
0.036605,0.625
0.022728,0.83333
0.043707,0.75
0.015626,0.79167
0.034856,0.75
0.011364,0.83333
0.043707,0.625
0.009616,0.91667
0.011364,0.625
0.034092,0.75
0.034091,0.54167
0.011364,0.83333
0.009616,0.70833
6.9157e-07,0.83333
0.034091,0.66667
6.4017e-07,0.625
0.022728,0.83333
0.022728,0.75
0.011364,0.83333
5.9773e-07,0.79167
0.025241,0.75
0.011364,0.75
0.06108,0.79167
0.02098,0.91667
0.011364,0.70833
0.034092,0.83333
0.011364,0.625
0.043707,0.625
0.032343,0.83333
0.02098,0.83333
0.032343,0.70833
0.011364,0.625
0.020486,1
0.042225,0.875
0.009616,1
6.0094e-07,1
0.01087,1
0.031355,0.875
0.045485,1
0.01087,1
0.07684,0.875
0.025001,0.875
0.02174,1
0.01087,1
0.030101,0.875
6.3593e-07,1
0.020486,1
0.01087,1
0.015626,1
0.01087,1
0.056355,1
6.45e-07,1
0.026495,1
0.030101,1
0.01087,1
6.0652e-07,1
0.034616,1
0.057609,0.875
0.031355,1
0.009616,1
0.06597,1
0.01087,1
0.01087,1
5.9935e-07,1
0.044231,1
6.1158e-07,1
0.02174,1
0.01087,1
0.01087,1
0.01087,1
0.01087,1
0.01087,1
0.01087,1
0.01087,1
0.01087,1
0.02174,1
0.025001,1
0.07684,1
5.9291e-07,1
0.02174,1
0.03587,1
0.045486,0.875
0.01087,1
0.01087,1
0.06271,1
0.02174,1
0.025241,1
0.01087,1
0.020486,0.875
0.01087,1
0.02174,1
0.009616,1
0.019231,1
0.056355,0.875
0.01087,1
6.0126e-07,1
6.097e-07,1
0.01087,1
0.067465,0.875
6.0485e-07,1
0.031251,1
0.067225,1
0.075586,1
0.01087,1
0.056355,1
0.075826,0.875
6.0347e-07,1
0.01087,1
0.01087,1
0.053847,0.875
6.0467e-07,1
0.009616,0.875
0.059616,1
0.042225,1
0.01087,1
0.01087,0.875
0.025001,1
6.193e-07,1
0.009616,1
5.9923e-07,1
0.020486,1
0.057609,1
0.02174,1
0.01087,1
0.01087,1
0.02174,1
6.0288e-07,1
0.01087,1
0.045485,0.875
0.020486,1
0.031355,1
0.009616,1
0.019231,1
0.020486,1
0.020486,1
0.042225,1
0.01087,1
0.06597,1
0.02174,1
6.1295e-07,1
0.020486,1
0.031355,1
0.01087,1
0.031355,1
6.1047e-07,1
0.055101,1
0.01087,1
6.0029e-07,1
0.031355,0.875
0.031355,1
0.020486,1
6.1619e-07,1
0.042225,0.875
0.09097,1
0.01087,1
0.009616,1
0.034616,1
0.055101,1
0.01087,1
6.1489e-07,1
0.009616,1
6.1003e-07,1
0.02174,1
5.9866e-07,1
6.16e-07,1
6.0296e-07,1
0.045485,1
0.01087,1
0.045485,1
0.020486,1
6.0123e-07,1
0.020486,1
0.01087,1
0.01087,1
0.031355,1
0.009616,1
6.1611e-07,1
0.031355,0.875
0.056355,1
0.009616,0.875
0.034616,1
0.019231,0.875
0.04698,1
0.009616,0.875
0.031251,1
6.0943e-07,1
0.009616,1
6.0004e-07,1
0.025001,1
0.042225,1
0.02174,1
0.032609,1
0.04674,1
0.020486,1
0.030101,1
5.9979e-07,1
0.031355,1
0.01087,1
0.04097,0.875
0.01087,1
6.1762e-07,1
0.037365,1
5.9418e-07,1
0.01087,1
0.025001,1
6.0678e-07,1
0.056355,1
6.0765e-07,1
0.025241,0.875
0.02174,1
0.01087,1
6.0985e-07,1
0.009616,1
0.07198,0.875
0.02174,1
6.0371e-07,1
0.009616,0.875
0.030101,1
0.031355,0.875
6.0183e-07,1
6.2567e-07,1
0.025001,1
0.009616,1
0.01087,0.875
0.056355,1
0.034616,1
6.0804e-07,1
0.01087,1
0.056355,1
0.020486,1
0.01087,1
5.9943e-07,1
0.01087,1
0.05184,1
0.032609,1
6.0904e-07,1
0.020486,1
0.02174,1
0.01087,1
6.0026e-07,1
0.01087,1
0.042225,1
0.01087,1
5.9949e-07,1
6.1392e-07,1
0.020486,0.875
0.01087,1
5.9809e-07,1
0.045485,1
0.01087,1
0.086455,0.875
6.1207e-07,1
0.12049,1
0.032609,1
0.031355,1
6.0126e-07,1
0.020486,1
0.031355,1
0.02174,1
0.036111,1
0.009616,0.875
6.1723e-07,1
0.01087,1
6.0102e-07,1
0.056355,1
0.02174,1
0.086696,1
5.9919e-07,1
0.10843,0.875
0.11271,1
0.02174,1
6.0264e-07,1
0.096071,0.875
0.031355,0.875
0.02174,1
0.01087,1
0.053847,1
0.009616,1
5.9916e-07,1
6.0264e-07,1
0.025001,1
0.1141,0.875
0.02174,1
0.01087,1
0.053094,0.875
0.020486,1
0.01087,1
5.992e-07,1
0.009616,0.875
0.031355,1
0.08795,1
0.01087,1
0.067465,1
0.03611,1
0.020486,1
6.0311e-07,1
0.050586,1
0.009616,1
0.01087,1
6.1079e-07,1
0.025001,1
0.10333,0.875
0.009616,1
0.009616,1
0.075586,1
0.055101,1
0.02174,1
6.0642e-07,1
0.045485,1
0.03611,1
6.032e-07,1
0.02174,1
0.032343,0.875
5.946e-07,1
0.011364,1
0.015626,1
0.02098,1
6.2078e-07,1
0.022728,1
5.9493e-07,1
0.009616,1
6.2292e-07,1
6.1117e-07,1
0.019231,1
0.015626,1
6.2019e-07,1
0.009616,1
5.9467e-07,1
0.009616,1
6.2051e-07,1
6.4545e-07,1
6.0461e-07,1
5.9802e-07,1
6.2653e-07,1
0.025241,1
6.3185e-07,1
6.116e-07,1
6.123e-07,1
0.011364,1
5.9391e-07,0.79167
0.022728,1
6.115e-07,1
0.030595,0.91667
6.0369e-07,1
0.009616,1
0.015626,1
0.019231,1
0.011364,1
0.009616,1
0.025241,1
5.8731e-07,1
6.2247e-07,0.91667
0.009616,1
0.009616,1
0.055835,1
0.034856,1
5.9902e-07,1
0.009616,1
0.053322,1
5.9594e-07,1
0.009616,1
0.009616,1
0.019231,1
5.9746e-07,1
0.009616,1
0.030595,0.875
0.034856,1
5.9852e-07,1
6.3031e-07,0.91667
0.009616,1
0.015626,0.91667
0.055835,1
0.009616,1
6.2703e-07,1
0.025241,1
0.009616,1
0.009616,0.79167
6.1279e-07,1
6.2357e-07,1
5.9371e-07,0.875
6.1294e-07,1
6.3244e-07,1
0.011364,1
6.3052e-07,1
0.011364,0.875
0.055835,0.91667
0.067199,0.91667
5.9659e-07,1
0.028847,1
0.009616,1
0.009616,1
5.9713e-07,1
6.207e-07,1
6.1261e-07,1
0.019231,1
0.009616,1
0.009616,1
0.019231,1
6.2238e-07,1
5.9499e-07,1
0.019231,1
6.2703e-07,1
6.1163e-07,1
0.02098,0.875
0.022728,1
6.1467e-07,1
0.015626,1
6.0664e-07,1
6.0052e-07,1
6.3114e-07,1
0.009616,0.91667
5.9253e-07,0.875
5.89e-07,1
6.1818e-07,1
0.011364,1
6.3458e-07,1
0.011364,0.875
6.1543e-07,1
0.015626,1
6.3095e-07,1
0.009616,1
0.009616,1
0.009616,1
5.9611e-07,0.875
6.023e-07,1
5.9455e-07,1
0.009616,1
0.011364,1
0.053978,1
6.2796e-07,1
0.02098,1
5.9865e-07,1
5.9459e-07,1
6.2703e-07,1
0.015626,1
5.9961e-07,1
0.02098,0.875
5.9803e-07,1
0.011364,1
5.9769e-07,1
6.03e-07,1
0.009616,1
0.02098,1
6.0876e-07,1
6.1671e-07,1
0.055835,0.91667
0.057584,1
0.011364,1
6.0913e-07,1
0.019231,1
0.019231,1
6.009e-07,1
6.2192e-07,1
0.009616,1
0.04622,1
5.9561e-07,1
0.009616,1
0.009616,0.875
0.04021,1
0.02098,1
0.044472,1
6.2945e-07,1
0.025241,1
6.0058e-07,1
5.9409e-07,1
0.009616,1
0.057584,1
5.9557e-07,0.79167
0.009616,1
6.1311e-07,1
6.1682e-07,1
0.009616,1
0.009616,1
6.1183e-07,1
0.011364,1
5.988e-07,1
6.0533e-07,1
6.435e-07,1
0.02098,1
0.011364,1
0.011364,1
0.034856,1
0.036605,0.91667
0.009616,1
0.009616,1
6.2857e-07,1
6.0128e-07,1
0.009616,1
5.9373e-07,1
0.059332,1
0.009616,1
0.009616,1
5.8829e-07,1
0.015626,1
0.02098,1
5.9619e-07,1
0.011364,0.875
0.02098,1
0.009616,1
0.009616,1
6.1404e-07,1
6.1183e-07,1
0.009616,1
0.015626,1
5.9181e-07,1
6.298e-07,1
6.2129e-07,1
5.9463e-07,1
6.1449e-07,1
6.2064e-07,1
0.015626,1
5.9492e-07,1
6.2424e-07,1
6.2782e-07,1
0.02098,1
5.9496e-07,1
5.9215e-07,1
0.02098,1
0.036605,1
5.9328e-07,0.875
6.006e-07,1
0.019231,1
0.044472,1
5.9364e-07,1
0.025241,1
0.019231,1
0.019231,1
5.9357e-07,0.875
5.99e-07,1
6.0947e-07,1
0.009616,1
5.9315e-07,1
0.009616,1
6.1261e-07,1
0.02098,1
0.009616,1
0.02098,1
6.1531e-07,1
0.025241,1
0.019231,1
5.99e-07,1
0.034856,1
0.011364,1
6.3036e-07,1
6.213e-07,1
0.009616,1
5.9882e-07,1
5.9958e-07,1
5.9921e-07,1
0.025241,1
0.019231,1
5.9328e-07,0.875
0.009616,1
0.015626,0.875
0.036605,1
0.009616,0.91667
0.009616,1
0.009616,1
0.009616,1
5.9685e-07,1
0.009616,1
0.011364,1
0.02098,1
5.9492e-07,1
6.199e-07,1
6.0647e-07,1
0.015626,1
0.011364,1
6.1996e-07,1
0.048077,1
0.009616,1
0.057584,1
0.011364,1
0.019231,1
0.011364,1
6.0031e-07,0.875
5.9902e-07,1
6.24e-07,1
0.009616,1
5.9328e-07,0.875
0.009616,1
6.1983e-07,1
0.034856,1
0.022728,1
0.034856,0.91667
0.015626,1
0.009616,1
5.9224e-07,1
0.041959,1
0.011364,1
0.022728,1
0.009616,1
0.045014,1
0.040258,0.875
0.01087,1
5.9256e-07,1
0.045014,0.875
0.040258,0.875
0.015626,0.875
0.0092598,1
0.029389,0.875
6.0949e-07,0.875
0.015626,1
5.9208e-07,1
0.065142,1
0.030999,0.875
0.020129,1
5.9567e-07,1
0.020129,1
0.030999,0.875
0.020129,0.875
0.030999,1
0.015626,1
0.035754,0.875
0.034144,0.875
0.040258,0.875
0.068363,0.875
0.0092599,0.875
0.040258,0.875
0.018519,1
6.1801e-07,1
0.030999,0.875
0.0092598,0.875
0.0092599,1
0.11466,0.875
0.02174,1
0.024885,0.875
0.018519,1
0.020129,0.875
0.024885,0.875
0.02174,1
5.9416e-07,1
0.020129,0.875
0.051128,0.875
0.020129,1
0.020129,0.875
0.0092598,1
0.051128,0.875
0.046624,0.875
5.9151e-07,1
0.040258,0.875
0.041869,0.875
6.0353e-07,0.875
0.0092598,1
0.065142,0.875
0.055883,0.875
6.1923e-07,0.875
0.0092598,1
0.076012,0.875
0.040258,0.875
0.01087,1
5.8973e-07,1
0.02174,0.875
0.041869,0.875
0.020129,1
0.020129,0.875
0.026495,1
6.0708e-07,1
0.055883,1
5.9087e-07,1
0.040258,1
0.045014,0.875
0.0092598,0.75
0.020129,0.875
0.035754,1
0.057493,1
0.020129,1
5.8888e-07,1
0.029389,0.875
0.046624,1
0.037365,1
5.9096e-07,1
0.065142,0.875
0.020129,0.875
6.1611e-07,1
6.1703e-07,0.875
0.01087,0.875
0.024885,1
0.030999,0.875
6.0086e-07,1
0.0092599,0.875
0.020129,0.875
0.0092598,0.875
0.01087,1
0.026495,0.875
0.057493,0.875
0.029389,1
0.0092599,1
0.01087,1
0.040258,0.875
0.0092598,1
0.041869,1
0.01087,1
0.020129,0.875
6.1593e-07,0.875
5.9474e-07,1
0.030999,0.875
0.0092599,0.875
0.030999,0.875
0.0092599,1
0.076012,0.875
0.015626,1
0.035754,0.875
5.9169e-07,1
0.060387,0.75
0.051128,0.875
0.02174,1
5.8732e-07,1
0.045014,1
0.041869,0.875
6.0158e-07,1
0.015626,1
6.0782e-07,1
0.057493,0.875
0.020129,1
0.01087,1
0.065142,0.875
0.020129,0.875
0.061997,0.875
0.0092599,0.875
0.024885,1
0.071624,1
5.9729e-07,1
0.020129,0.875
0.054273,1
0.046624,0.875
0.0092598,1
0.041869,0.875
0.065142,0.875
0.030999,0.875
0.037365,1
0.01087,0.875
0.015626,0.875
0.049518,0.875
0.031251,0.75
0.020129,0.875
0.030999,0.875
0.040258,0.875
0.018519,0.875
5.9214e-07,1
0.029389,0.875
0.043403,0.875
0.0092598,0.875
0.01087,1
6.1481e-07,0.875
0.030999,0.875
5.948e-07,1
0.030999,1
0.10701,0.875
0.018519,0.875
0.02174,0.875
0.035754,0.875
0.063532,0.875
0.020129,0.75
0.01087,0.875
6.0008e-07,1
0.060387,0.875
0.040258,1
0.01087,1
0.01087,1
0.076012,0.875
0.035754,1
0.020129,0.875
0.029389,0.875
0.055883,0.875
0.040258,0.875
0.0092598,1
5.9252e-07,1
0.065142,0.75
0.020129,1
0.085271,0.875
6.2484e-07,1
0.029389,1
0.015626,1
0.0092599,1
6.1823e-07,1
0.086882,0.875
0.055883,0.875
0.035754,1
6.0689e-07,0.875
0.065142,0.875
0.030999,0.875
0.018519,1
0.02174,1
0.049518,0.875
0.040258,0.875
0.035754,1
0.01087,1
0.065142,0.875
0.030999,0.875
5.9954e-07,1
5.9935e-07,1
0.086882,0.875
0.030999,0.875
0.0092599,1
0.020129,1
0.055883,0.875
0.020129,0.875
0.0092598,1
0.030999,0.875
0.054273,1
0.020129,0.875
0.0092598,1
5.8876e-07,1
0.015626,0.875
0.060387,1
0.0092598,0.75
0.01087,1
0.034144,1
0.035754,1
0.0092598,0.75
5.8905e-07,1
0.024885,0.875
0.020129,0.875
0.027778,1
6.0278e-07,1
0.020129,1
0.02174,1
6.1497e-07,0.75
5.9186e-07,1
0.0092599,0.875
0.015626,0.875
6.0193e-07,1
0.030999,1
0.054273,1
0.020129,0.875
0.035754,0.875
0.0092598,1
0.01087,0.875
0.020129,0.875
0.015626,1
0.0092599,0.875
0.065142,1
0.024885,1
0.0092599,1
6.0515e-07,1
0.066753,0.875
0.046624,1
5.9127e-07,1
0.020129,0.875
0.065142,0.875
0.04051,0.875
0.020129,0.875
5.8973e-07,1
0.029389,1
0.051128,0.875
6.1315e-07,0.875
0.020129,0.875
0.052738,0.875
0.057493,0.875
0.0092598,1
0.035754,1
0.024885,0.875
0.040258,0.875
0.020129,1
5.9312e-07,1
0.076012,0.75
0.020129,1
0.029389,0.875
5.9125e-07,1
0.054273,0.875
0.038648,0.875
0.0092598,1
0.024885,1
0.069646,1
0.030999,0.875
0.020129,0.875
6.0504e-07,1
0.020129,0.875
0.051128,0.875
5.9356e-07,1
0.01087,1
0.062434,0.91667
0.085665,0.83333
0.009616,0.91667
0.009616,1
0.009616,1
0.084482,0.83333
0.009616,0.91667
6.2042e-07,0.91667
0.009616,1
0.011364,1
0.035685,1
6.123e-07,1
0.050391,0.83333
0.1378,0.83333
0.009616,0.91667
0.009616,1
0.02098,1
0.070455,0.91667
0.024322,0.91667
0.022728,1
0.035685,1
0.10664,0.83333
0.009616,1
6.014e-07,1
0.02098,0.91667
0.14291,0.83333
0.009616,1
6.0696e-07,1
0.04598,1
0.048643,1
0.02098,0.91667
0.009616,0.91667
0.02098,1
0.15303,0.75
0.024322,0.91667
6.0084e-07,1
0.009616,1
0.14624,0.66667
0.039028,0.91667
0.009616,1
0.02098,1
0.009616,1
0.079392,0.83333
5.957e-07,1
0.02098,1
0.12696,0.83333
0.009616,0.91667
6.0335e-07,1
0.009616,0.91667
0.053322,0.91667
0.009616,1
6.0213e-07,1
0.009616,1
0.05507,0.83333
0.02098,1
0.009616,0.91667
0.02098,1
0.083413,1
0.20303,0.75
6.0249e-07,0.91667
0.009616,0.91667
0.043707,0.83333
0.066434,0.91667
5.9829e-07,1
0.039028,0.91667
0.079392,0.83333
0.009616,0.91667
0.032343,1
0.035685,1
0.077798,0.83333
0.011364,1
0.011364,1
0.076049,0.91667
0.034091,0.83333
0.009616,0.91667
0.009616,1
0.009616,1
0.087259,0.83333
0.033937,0.91667
6.0763e-07,1
0.024322,0.91667
0.15478,0.83333
0.009616,0.91667
0.009616,1
0.009616,1
0.10037,0.83333
0.024322,0.83333
0.02098,0.91667
6.0712e-07,1
0.05507,0.83333
0.032343,0.91667
0.009616,0.91667
0.04598,0.91667
0.050391,1
0.024322,0.91667
0.009616,0.91667
0.009616,1
0.071525,0.83333
0.009616,1
0.009616,1
0.009616,0.91667
0.074867,0.83333
0.078322,0.91667
0.009616,1
0.009616,0.91667
0.062938,0.83333
0.009616,0.91667
5.9495e-07,1
0.009616,1
0.076049,0.83333
0.086076,0.91667
5.9736e-07,1
0.009616,1
0.076049,0.83333
0.009616,0.83333
5.9989e-07,1
0.032343,0.91667
0.035685,1
0.009616,1
5.9884e-07,1
0.061755,1
0.024322,0.91667
0.009616,1
0.02098,0.91667
0.02098,1
0.10721,0.83333
0.22351,0.66667
0.011364,1
0.030595,0.91667
0.02098,0.91667
0.024322,0.91667
6.0347e-07,1
0.035685,1
0.074301,0.83333
0.009616,0.91667
0.02098,0.91667
0.02098,0.91667
0.024322,1
0.02098,1
0.035685,0.91667
0.059091,0.91667
0.068028,0.83333
0.039028,0.91667
6.0048e-07,1
0.009616,1
0.064686,0.83333
0.02098,1
6.036e-07,1
0.04021,0.91667
0.032343,1
0.11175,0.66667
0.02098,0.91667
0.032343,0.91667
0.074301,0.83333
0.02098,1
0.009616,1
0.009616,1
0.053322,0.83333
0.009616,1
6.0791e-07,1
0.02098,0.91667
0.085665,0.83333
0.068707,1
5.9552e-07,1
0.032343,0.91667
0.077798,0.91667
0.009616,0.91667
6.0715e-07,1
0.009616,1
0.05507,0.83333
0.02098,0.91667
0.009616,1
0.02098,0.91667
0.04598,1
0.009616,0.91667
0.024322,0.91667
0.02098,1
0.02098,0.91667
0.050391,0.91667
0.009616,1
0.032343,1
0.10841,0.83333
0.058413,0.91667
0.009616,0.91667
0.009616,1
0.035685,1
0.024322,1
6.0278e-07,1
0.009616,1
0.18889,0.83333
0.032343,0.91667
6.0084e-07,1
0.009616,1
0.094098,0.83333
0.009616,0.91667
6.1654e-07,1
0.009616,1
0.02098,0.91667
0.04598,0.91667
0.009616,0.91667
0.039706,1
0.079392,0.83333
0.009616,0.91667
0.034091,1
0.02098,1
0.074301,0.83333
0.009616,1
0.019231,0.91667
0.009616,1
0.15146,0.91667
0.039028,0.91667
5.958e-07,1
0.009616,1
0.13046,0.83333
0.032343,0.91667
6.0244e-07,1
0.030595,0.91667
0.009616,0.91667
0.009616,0.91667
0.011364,1
0.009616,1
0.05507,0.83333
0.035685,0.91667
0.009616,1
0.009616,1
0.043707,0.91667
0.009616,1
0.009616,1
0.032343,0.91667
0.074301,0.83333
0.009616,1
6.1919e-07,1
0.032343,0.91667
0.05507,0.83333
0.13007,0.91667
0.024322,0.91667
0.009616,1
0.097028,0.91667
0.009616,0.91667
0.009616,1
0.009616,1
0.098119,0.83333
0.009616,0.91667
0.009616,1
0.059091,0.91667
0.062938,0.83333
0.024322,0.91667
0.041959,0.91667
0.009616,1
0.098622,0.83333
0.009616,0.91667
5.9695e-07,1
0.1135,0.83333
0.043707,0.83333
0.033937,0.91667
6.0187e-07,1
0.009616,1
0.085665,0.83333
0.009616,1
0.009616,0.91667
0.091845,0.91667
0.10439,0.66667
0.009616,0.91667
0.089007,0.83333
0.024322,1
0.11173,0.75
0.024322,0.91667
0.009616,0.83333
0.009616,1
0.066434,0.83333
0.024322,1
5.9604e-07,1
0.02098,0.91667
0.064686,0.83333
0.011364,1
5.9304e-07,1
0.032343,1
0.05507,0.91667
0.060007,0.83333
0.009616,1
6.1485e-07,0.91667
0.019231,1
0.046061,0.875
0.01087,1
0.009616,1
0.020486,0.66667
0.009616,1
0.019231,1
0.085777,0.75
0.024322,1
0.024322,0.91667
6.1171e-07,0.91667
0.024322,1
0.009616,1
6.2202e-07,0.91667
0.009616,1
0.014706,1
0.061455,0.875
0.020486,1
0.024322,1
0.074907,1
0.009616,1
0.024322,1
0.009616,1
0.043553,0.91667
0.044807,0.875
0.014706,1
0.014706,1
6.206e-07,0.91667
0.024322,0.91667
0.009616,0.91667
0.014706,1
0.009616,1
0.055676,0.875
0.04097,0.75
6.0736e-07,1
0.009616,1
0.014706,0.91667
0.035191,0.625
0.039028,1
0.009616,1
0.019231,1
0.028847,1
0.019231,0.91667
0.033937,1
0.020486,0.75
0.035191,1
0.014706,1
0.009616,0.91667
0.050576,1
0.020486,1
0.01087,1
0.030101,1
6.1249e-07,1
0.024322,1
6.1101e-07,1
0.035191,1
0.033937,1
0.020486,1
0.040282,0.91667
0.028847,1
0.009616,1
0.035191,1
0.01087,0.75
0.028847,1
0.090292,0.91667
0.033937,1
0.009616,0.91667
0.009616,0.91667
0.020486,1
0.009616,0.91667
0.009616,1
0.044807,1
0.082506,0.66667
0.042225,1
6.1046e-07,1
6.1689e-07,0.91667
0.009616,0.91667
0.02174,1
0.01087,1
0.009616,1
0.0678,0.54167
0.044807,0.75
0.009616,1
0.033937,1
0.024322,0.91667
0.009616,0.91667
0.044807,0.625
0.053094,1
0.033937,0.91667
0.033937,1
0.046061,0.875
0.009616,0.91667
0.036446,1
0.009616,0.625
6.1215e-07,1
0.009616,1
0.054422,0.79167
0.025576,1
6.148e-07,1
0.014706,0.91667
0.030101,1
6.3328e-07,1
6.1076e-07,1
6.2051e-07,0.91667
0.024322,1
0.039716,1
0.009616,1
0.019231,0.75
0.066546,0.625
0.019231,0.75
0.009616,1
0.024322,1
0.009616,1
0.020486,1
0.035191,1
0.033937,0.91667
0.039028,0.75
0.009616,1
6.1735e-07,1
0.009616,1
0.031355,0.875
0.031355,1
0.020486,1
0.019231,1
0.05693,1
0.024322,1
0.014706,1
0.035191,1
0.069054,0.875
6.208e-07,0.91667
0.028847,0.91667
0.019231,1
0.024322,0.79167
0.025576,1
0.024322,1
6.2146e-07,0.91667
0.082506,0.875
0.019231,0.625
6.1065e-07,0.91667
0.025576,1
0.014706,0.91667
0.024322,0.91667
0.030101,0.75
0.009616,0.91667
0.040971,0.75
0.035191,0.625
0.009616,1
0.014706,1
0.069807,0.54167
0.035191,1
0.009616,1
0.009616,1
0.014706,0.91667
0.024322,1
0.019231,0.66667
0.024322,1
0.033937,1
0.035191,1
6.1498e-07,0.91667
0.033937,0.91667
0.024322,0.91667
0.033937,1
6.2636e-07,0.91667
0.009616,1
0.058185,0.875
6.2238e-07,0.91667
0.014706,1
0.020486,0.625
0.095382,0.54167
0.024322,1
0.035191,1
6.0848e-07,1
0.039028,1
0.024322,0.91667
0.009616,1
6.2258e-07,0.91667
0.014706,1
0.009616,0.91667
0.024322,1
0.019231,0.91667
6.1581e-07,1
0.014706,1
6.0549e-07,1
0.020486,0.91667
6.2288e-07,1
0.024322,1
0.01087,1
0.014706,1
0.035191,1
0.014706,0.91667
0.024322,1
6.2134e-07,0.91667
0.009616,1
0.033937,1
6.2978e-07,1
0.014706,0.91667
0.024322,1
0.024322,1
6.2411e-07,0.91667
0.019231,0.66667
0.046061,0.875
0.020486,1
0.01087,1
0.031355,1
0.054422,1
0.009616,1
6.2138e-07,0.91667
6.0945e-07,1
0.01087,1
0.031355,1
6.0273e-07,1
0.01087,1
0.049322,0.91667
0.009616,1
0.009616,0.91667
6.1896e-07,0.91667
0.020486,1
0.043553,1
6.1199e-07,1
0.04097,0.875
0.024322,0.91667
0.024322,1
0.014706,1
0.030101,0.91667
0.024322,1
0.020486,1
0.01087,0.91667
0.020486,0.75
0.009616,1
0.009616,0.91667
0.01087,1
0.033937,0.91667
0.019231,1
0.009616,1
0.049897,1
0.019231,0.91667
0.031355,1
0.028847,0.91667
6.1158e-07,1
0.031355,1
0.024322,1
0.009616,0.91667
0.020486,0.75
0.048643,0.91667
0.031355,0.75
0.033937,1
0.028847,0.75
0.009616,0.91667
0.009616,1
0.024322,1
0.01087,1
0.020486,1
0.046061,0.875
0.009616,1
0.089603,0.875
0.048643,0.91667
0.055676,0.625
0.01087,1
0.024322,1
0.009616,1
0.014706,1
0.031355,0.91667
0.024322,1
0.019231,0.91667
0.036446,1
6.087e-07,1
6.0772e-07,1
0.11261,0.625
6.3518e-07,1
0.009616,0.91667
6.2127e-07,0.91667
0.009616,0.91667
6.2895e-07,1
0.020486,0.91667
0.01087,0.91667
0.024322,0.91667
0.053094,0.75
0.009616,1
0.009616,1
6.0087e-07,1
0.019231,0.91667
0.062938,1
0.030595,1
5.9638e-07,1
0.04021,0.91667
0.011364,1
0.019231,1
5.973e-07,1
0.02098,0.91667
0.009616,1
5.9728e-07,1
0.02098,0.91667
0.030595,0.91667
0.009616,1
0.030595,1
5.9062e-07,1
6.4526e-07,1
6.1381e-07,1
0.011364,1
0.011364,1
0.030595,0.91667
6.3111e-07,1
5.9393e-07,1
5.8995e-07,1
0.030595,0.91667
6.2844e-07,1
5.942e-07,1
5.9093e-07,1
0.019231,0.91667
0.019231,1
0.019231,1
0.009616,1
0.028847,1
0.009616,1
5.9638e-07,0.91667
5.9774e-07,1
0.030595,0.91667
0.009616,1
5.9984e-07,1
5.9944e-07,1
0.030595,0.875
6.3191e-07,1
5.9783e-07,1
5.9482e-07,1
0.030595,1
0.009616,1
0.02098,1
0.009616,1
0.051574,0.91667
6.3427e-07,1
0.011364,1
5.8995e-07,1
0.019231,0.91667
0.009616,1
5.9432e-07,1
5.956e-07,1
0.04021,0.91667
0.009616,1
5.9946e-07,1
6.0676e-07,1
0.049826,0.91667
0.011364,1
0.019231,0.91667
6.5238e-07,0.91667
0.02098,1
0.030595,1
5.9483e-07,1
5.8964e-07,1
0.019231,0.91667
6.368e-07,1
0.009616,1
5.9006e-07,0.91667
0.04021,0.91667
6.2694e-07,1
0.019231,1
5.9171e-07,1
0.043707,0.91667
6.3024e-07,1
6.0148e-07,1
0.009616,1
0.030595,0.91667
0.02098,1
5.9547e-07,1
0.011364,1
0.030595,0.91667
0.009616,1
0.009616,1
5.986e-07,1
0.04021,0.91667
0.009616,0.91667
0.009616,1
0.009616,1
0.030595,0.91667
6.1125e-07,1
0.011364,1
6.0293e-07,0.91667
0.04021,0.91667
6.1822e-07,1
5.9833e-07,1
0.041959,1
0.009616,1
0.009616,1
6.0258e-07,1
0.009616,1
0.030595,0.91667
6.3396e-07,1
0.02098,1
0.04021,1
0.030595,0.91667
0.028847,1
0.02098,0.91667
0.06521,0.91667
0.030595,0.91667
0.022728,1
0.009616,1
5.969e-07,1
0.009616,1
0.009616,1
0.009616,0.91667
0.019231,1
0.02098,0.91667
0.036605,1
5.9362e-07,1
5.9601e-07,1
0.011364,0.91667
6.272e-07,1
5.95e-07,1
5.9749e-07,1
0.030595,0.91667
0.022728,1
5.986e-07,1
0.011364,1
0.04021,0.91667
0.022728,1
5.94e-07,1
6.0028e-07,1
0.019231,0.91667
0.011364,1
6.0413e-07,1
5.976e-07,1
0.053322,0.91667
0.009616,1
5.9937e-07,1
0.04021,0.91667
0.009616,0.91667
0.009616,1
0.02098,1
0.019231,1
0.04021,0.91667
6.2712e-07,1
5.9732e-07,1
0.02098,1
0.04622,1
0.02098,1
5.9443e-07,1
5.8995e-07,1
0.009616,0.91667
6.2295e-07,1
0.019231,1
5.9587e-07,1
0.04021,0.91667
0.02098,1
0.009616,1
5.9534e-07,1
0.041959,0.91667
6.0618e-07,1
5.9334e-07,1
5.9136e-07,1
6.2026e-07,1
0.019231,1
5.9424e-07,1
6.0779e-07,1
0.04021,0.91667
0.015626,1
5.9746e-07,1
0.011364,1
0.030595,0.91667
6.058e-07,1
5.9883e-07,1
0.030595,1
0.02098,1
6.319e-07,1
0.009616,1
5.9612e-07,1
0.030595,0.91667
0.032343,1
0.011364,1
0.011364,1
0.011364,1
0.011364,1
0.011364,1
0.030595,1
0.041959,0.91667
0.009616,1
0.009616,1
5.8905e-07,1
0.041959,0.91667
0.009616,1
5.9866e-07,1
5.9216e-07,0.91667
6.0453e-07,1
0.009616,1
5.974e-07,1
0.009616,1
0.019231,0.91667
0.04021,0.91667
5.9869e-07,1
0.009616,0.91667
0.030595,0.91667
0.009616,1
0.011364,1
0.009616,1
0.02098,0.91667
0.009616,1
6.0524e-07,1
6.0806e-07,1
0.030595,0.91667
0.019231,1
0.011364,1
0.041959,0.91667
0.041959,0.91667
0.009616,1
0.009616,1
6.0925e-07,1
0.030595,0.91667
0.009616,1
0.011364,1
6.1919e-07,1
0.019231,0.91667
0.011364,1
0.011364,1
0.028847,1
0.041959,0.91667
5.9911e-07,1
0.009616,1
0.02098,0.91667
0.062938,0.91667
6.2526e-07,1
5.998e-07,1
0.009616,1
0.041959,0.91667
0.019231,1
0.009616,1
6.0476e-07,1
5.9769e-07,1
6.3041e-07,1
0.041959,1
6.1077e-07,1
0.04021,0.91667
0.011364,1
0.009616,1
5.9737e-07,1
0.030595,0.91667
0.028847,1
0.011364,1
5.8989e-07,1
0.011364,1
0.009616,1
0.019231,1
5.9053e-07,1
6.0741e-07,1
6.0368e-07,1
0.011364,1
5.9171e-07,1
0.032343,0.91667
6.2946e-07,1
0.030595,1
6.0077e-07,1
0.04021,0.91667
0.019231,1
0.05507,1
0.028847,1
0.011364,0.79167
0.019231,1
5.9949e-07,1
0.022728,1
0.02098,0.91667
6.2395e-07,1
5.9443e-07,1
0.03587,1
6.029e-07,1
0.06597,1
5.8975e-07,1
0.064957,1
0.04097,1
0.067225,1
5.8678e-07,1
0.020486,1
0.009616,1
0.009616,1
5.746e-07,1
0.030101,1
0.039716,1
0.078094,1
6.3748e-07,1
0.02174,1
0.019231,1
0.088964,1
0.02174,1
0.039716,1
0.031355,1
0.067225,0.875
0.019231,1
0.053094,1
0.026495,1
0.031355,1
0.019231,1
0.12542,1
0.042225,1
0.08285,1
5.9933e-07,1
6.3377e-07,1
0.01087,1
0.056355,1
0.020485,1
0.036111,1
0.020486,1
0.088964,0.875
0.015626,1
0.020486,1
0.05184,1
0.08771,0.875
6.2571e-07,1
0.009616,1
0.020486,1
0.056355,1
0.020486,1
0.019231,1
0.030101,1
0.042225,0.875
0.031355,1
0.009616,1
0.031355,1
0.05184,0.875
0.009616,1
0.020486,1
0.020486,1
0.078094,1
5.7926e-07,1
0.009616,1
0.009616,1
0.092465,0.875
5.9316e-07,1
0.06111,1
0.039716,1
0.067225,1
0.02174,1
0.073579,1
0.030101,1
0.078094,1
5.9176e-07,1
0.020486,1
0.060201,0.875
0.020486,1
0.020486,1
0.03587,1
0.042225,1
0.067225,1
5.8638e-07,1
0.030101,1
0.020486,1
0.056355,1
0.01087,1
0.020486,1
0.020486,1
0.067225,0.875
0.01087,1
0.056595,1
6.4048e-07,1
0.067225,1
5.8823e-07,1
6.1971e-07,1
0.034856,1
0.04097,1
5.7843e-07,1
0.009616,1
0.009616,1
0.078094,1
6.3363e-07,1
0.030101,1
0.009616,1
0.07684,1
0.009616,1
0.009616,1
0.01087,1
0.098579,1
0.01087,1
0.04097,1
0.020486,1
0.078094,1
0.01087,1
0.019231,1
0.009616,1
0.05184,1
6.2355e-07,1
0.009616,1
0.020486,1
0.067465,0.875
0.020485,1
0.009616,1
0.031355,1
0.056355,1
0.01087,1
0.009616,1
0.05184,1
0.053094,1
0.020486,1
0.04698,1
0.02174,1
0.078094,0.875
5.7317e-07,1
0.020486,1
0.062605,1
0.088964,0.875
5.8975e-07,1
0.019231,1
0.06111,1
0.10459,1
0.009616,1
0.072325,1
0.039716,1
0.078094,0.875
0.01087,1
0.06271,1
0.05184,1
0.078094,0.875
5.8823e-07,1
0.04097,1
0.020486,1
0.028847,1
0.01087,1
0.078094,1
0.036111,1
0.078094,1
0.01087,1
0.020486,1
0.036111,1
0.042225,1
5.911e-07,1
0.031355,1
0.026495,1
0.067225,1
6.3155e-07,1
0.019231,1
0.009616,1
0.073579,1
0.073579,1
0.009616,1
0.036111,1
0.078094,1
0.009616,1
6.0323e-07,1
0.031355,1
0.067225,1
0.032609,1
0.015626,1
0.034616,1
0.053094,1
0.009616,1
0.019231,1
0.04097,1
0.056355,1
0.01087,1
0.04097,0.875
0.055341,1
0.07684,0.875
0.009616,1
0.034856,1
0.019231,1
6.055e-07,1
5.8717e-07,1
0.074833,0.875
0.036111,1
0.030101,1
0.020486,1
0.019231,1
0.028847,1
0.042225,1
5.8495e-07,1
0.025241,1
0.056595,1
0.088964,1
5.8602e-07,1
0.05184,1
6.2024e-07,1
0.07684,1
0.02174,1
0.009616,1
0.061455,1
0.078094,1
0.01087,1
0.039716,1
0.009616,1
0.067225,1
0.01087,1
0.019231,1
0.020486,1
0.02174,1
0.009616,1
0.042225,1
0.045485,1
0.019231,1
0.009616,1
0.025241,1
0.026495,1
0.099833,1
6.1881e-07,1
0.020486,1
0.028847,1
0.07684,0.875
0.031355,1
0.04097,1
0.032609,1
0.078094,1
0.01087,1
0.025241,1
0.02174,1
0.031355,0.875
5.9312e-07,1
6.3388e-07,1
0.015626,1
0.056355,0.875
6.5114e-07,1
0.039716,1
0.05785,1
6.2032e-07,1
6.1069e-07,1
0.061351,1
0.085703,1
0.067225,1
5.8823e-07,1
0.009616,1
0.020486,1
0.06597,1
6.0805e-07,1
0.026495,1
0.030101,1
0.045486,0.875
0.009616,1
0.009616,1
0.039716,1
0.08771,1
0.02174,1
0.009616,1
0.039716,1
0.08771,1
5.8879e-07,1
0.025001,1
0.030101,1
0.07684,1
0.06271,1
0.009616,1
0.030101,1
0.045486,1
6.2124e-07,1
6.0978e-07,1
0.030101,1
0.019231,1
0.009616,1
0.047968,0.91667
0.13031,0.66667
0.053322,0.91667
0.02098,0.91667
0.066434,0.91667
0.10555,0.83333
0.009616,0.91667
6.0523e-07,0.83333
0.043707,0.91667
0.072444,0.83333
0.059332,0.91667
0.026989,0.91667
0.026989,0.91667
0.032343,0.91667
0.032343,0.91667
6.3835e-07,0.91667
0.009616,0.83333
0.036605,0.91667
0.043707,0.91667
0.011364,0.83333
0.062938,0.91667
0.022728,0.91667
0.045455,0.91667
0.032343,0.91667
0.053322,0.91667
0.038462,0.91667
0.074957,0.83333
0.049716,0.83333
0.074301,0.83333
0.065341,0.91667
0.041959,0.91667
0.009616,0.91667
0.074301,0.91667
0.02098,0.91667
0.043707,0.91667
0.019231,0.83333
0.032343,0.91667
0.062938,0.91667
6.3873e-07,0.83333
0.025241,0.91667
6.6035e-07,0.83333
0.12629,0.91667
0.011364,0.91667
0.009616,0.91667
0.011364,0.91667
0.12094,0.91667
0.032343,0.91667
0.009616,0.83333
0.036605,0.83333
0.14926,0.91667
0.059332,0.91667
0.022728,0.91667
0.062938,0.91667
0.034091,1
0.068182,0.91667
6.1149e-07,0.83333
0.02098,0.91667
0.055071,0.91667
0.034092,0.91667
0.02098,0.91667
0.055071,0.91667
0.05507,0.91667
0.02098,0.91667
0.011364,0.91667
0.043707,0.91667
0.14902,0.625
0.041959,0.91667
6.7739e-07,0.91667
0.053322,0.91667
0.038353,0.91667
6.7213e-07,0.91667
0.022728,0.83333
0.12653,0.91667
0.011364,0.91667
0.022728,0.83333
6.4125e-07,0.91667
0.015626,1
0.045455,0.91667
0.011364,0.91667
0.02098,0.91667
0.061845,0.91667
0.1073,0.91667
6.3631e-07,0.91667
0.02098,0.83333
0.026989,0.83333
0.059332,0.79167
0.070696,0.91667
0.022728,0.91667
0.047968,0.91667
0.18079,0.91667
0.032343,0.91667
0.011364,0.91667
0.064686,0.91667
0.1323,0.91667
0.02098,0.91667
0.038353,0.83333
0.04622,0.83333
0.076705,0.91667
0.082059,0.91667
0.032343,0.91667
6.6137e-07,0.91667
0.034092,1
0.030595,0.79167
0.02098,0.83333
0.06108,0.83333
0.043707,0.91667
0.059332,0.91667
0.036605,0.91667
0.041959,0.91667
0.14978,0.91667
6.5453e-07,0.83333
0.022728,0.91667
0.042614,0.91667
0.032343,0.83333
0.091674,0.83333
0.022728,1
0.053322,0.91667
0.13097,1
0.06108,0.91667
0.043707,0.91667
0.011364,0.91667
0.053322,0.91667
0.026989,0.91667
0.034092,0.91667
0.070695,0.91667
0.084572,0.83333
0.030595,0.91667
0.043707,0.91667
0.025241,0.91667
0.032343,0.91667
0.032343,0.91667
0.02098,0.91667
0.034091,1
0.04021,0.91667
0.022728,0.91667
0.015626,0.91667
0.05223,0.91667
0.032343,0.91667
0.049716,0.91667
0.022728,0.83333
0.011364,0.91667
0.14191,0.91667
0.038353,0.91667
6.3105e-07,0.83333
0.015626,0.83333
0.047968,0.91667
6.3069e-07,0.91667
0.02098,0.83333
0.032343,0.91667
0.057584,0.91667
0.041959,0.91667
6.2716e-07,0.91667
0.045455,0.91667
0.032343,0.91667
0.032343,0.91667
0.02098,0.91667
0.09528,0.91667
0.12496,0.79167
0.041959,0.91667
0.011364,0.91667
0.030595,0.75
0.045455,0.91667
0.030595,0.91667
0.015626,0.91667
0.043707,0.91667
0.097684,0.66667
0.066434,0.91667
0.031251,1
0.067199,0.91667
0.090582,0.83333
0.022728,0.91667
6.3279e-07,0.83333
0.053322,0.91667
0.068947,0.66667
0.047968,0.91667
0.056819,0.91667
0.030595,0.91667
0.049716,1
6.4995e-07,0.91667
0.022728,0.91667
0.022728,0.83333
0.10422,1
0.032343,1
0.034091,0.91667
0.045455,0.83333
0.13055,0.91667
0.022728,0.91667
0.030595,0.91667
0.055071,0.91667
6.4201e-07,0.91667
0.032343,0.91667
0.034092,0.91667
0.011364,0.91667
0.10981,0.58333
0.015626,0.91667
0.015626,0.83333
0.05507,0.91667
0.047968,0.91667
0.009616,0.83333
0.011364,0.91667
0.034092,0.91667
0.064686,0.91667
0.077798,0.91667
0.011364,0.91667
0.036605,0.83333
0.11156,0.66667
0.032343,0.91667
0.034091,0.91667
0.019231,0.91667
0.02098,0.91667
0.057584,0.83333
0.034092,0.91667
0.019231,1
0.13003,0.66667
0.022728,0.91667
6.6269e-07,0.83333
0.034092,0.91667
0.040866,0.70833
0.011364,0.91667
0.009616,0.83333
0.062938,0.91667
0.045455,0.91667
0.022728,0.83333
0.034091,0.91667
0.02098,0.91667
0.011364,0.83333
0.02098,1
0.053322,0.83333
0.034091,0.91667
0.043707,0.83333
0.059332,0.83333
0.022728,0.91667
0.045455,0.91667
0.032343,0.83333
0.13097,0.91667
0.032343,0.91667
0.034091,0.91667
0.095936,0.91667
0.032343,0.91667
6.4202e-07,0.83333
0.02098,0.83333
0.053978,0.83333
0.026989,0.91667
6.4643e-07,0.91667
0.032343,0.91667
0.066434,0.91667
0.009616,1
0.009616,0.875
0.022728,0.91667
0.031251,0.58333
0.038353,0.91667
0.041959,0.83333
0.042614,0.91667
0.14594,0.66667
0.011364,0.91667
0.011364,0.91667
0.02098,0.83333
0.093423,0.91667
0.059441,0.83333
6.1152e-07,0.91667
0.025241,0.91667
0.042614,0.91667
0.041959,0.91667
6.3394e-07,0.83333
0.040866,0.91667
0.022728,0.91667
0.032343,0.91667
0.034091,0.83333
0.034091,0.91667
0.11919,0.91667
0.047968,0.91667
0.009616,0.91667
0.057584,0.83333
0.082059,0.91667
0.011364,0.91667
0.034092,0.91667
0.032343,0.91667
0.047968,0.79167
0.043707,0.91667
0.042614,0.91667
0.011364,1
0.070339,1
0.029883,0.91667
0.05261,1
0.093235,0.91667
0.18136,0.79167
0.13994,0.66667
0.054714,0.75
0.031987,1
0.18142,1
0.043351,1
0.034091,1
0.031987,1
0.11675,1
0.020623,0.91667
0.0092599,1
0.011364,1
0.088805,1
0.038353,1
0.022728,0.91667
0.05261,1
0.098064,1
0.058976,1
0.031987,1
0.029883,1
0.041246,0.58333
0.0092598,1
0.020624,1
0.034092,1
6.5692e-07,1
0.043351,1
0.054714,1
0.011364,1
0.17056,1
0.093235,0.91667
0.0092599,1
6.4646e-07,1
0.13431,0.66667
0.0092598,1
0.056871,1
0.011364,1
0.072496,0.79167
0.041246,1
0.041246,1
0.15925,0.91667
0.12084,1
0.022728,1
0.018519,1
6.3962e-07,1
0.13647,0.83333
0.05261,1
0.024885,1
0.050506,1
0.029883,0.91667
0.031987,1
0.05261,1
0.0092599,1
0.14568,1
0.0092598,1
6.3488e-07,1
0.0092599,1
0.034091,1
0.045623,1
0.048401,1
6.4436e-07,1
0.031987,0.91667
0.018519,1
0.043351,0.91667
0.0092599,1
0.14568,1
0.10017,1
0.063974,1
6.4299e-07,1
0.054767,0.75
0.045455,1
0.041246,1
0.041246,1
0.041246,1
0.029883,1
0.029883,0.91667
0.027778,1
0.088805,1
0.047612,1
0.079599,1
0.0092599,1
0.14584,1
0.029883,1
0.031987,1
0.036248,1
0.10022,0.75
0.041246,0.91667
0.020623,1
0.034092,1
0.049716,1
0.059765,1
0.029883,1
0.022728,1
0.12659,1
0.054767,1
0.063974,1
0.011364,1
0.16924,1
0.036248,1
0.041246,1
0.0092599,0.91667
0.15283,1
0.041246,1
0.050506,1
0.011364,1
0.056871,1
0.022728,1
0.027778,1
6.3964e-07,1
0.077494,1
0.0092598,1
0.027778,1
0.056871,1
0.10659,0.91667
0.031987,1
0.041246,1
0.090962,1
0.034091,0.91667
0.031987,1
0.029883,1
0.077494,1
0.10732,1
0.031987,1
0.020623,1
0.020624,1
0.029883,1
0.039142,0.91667
0.027778,1
0.011364,1
0.11369,1
0.1117,0.91667
0.011364,1
0.015626,1
0.13221,0.91667
0.018519,1
0.041246,1
0.031251,0.91667
0.10022,1
0.05261,1
0.054767,1
0.020624,0.66667
0.0092599,1
0.029883,1
0.020623,1
0.036248,1
0.12584,1
0.039142,1
0.024885,1
0.018519,1
0.093856,1
0.077494,1
0.029883,1
0.0092599,0.91667
0.098064,1
0.015626,0.75
0.05261,0.75
0.041246,1
0.079714,1
0.12511,1
0.029883,1
0.020624,1
0.05261,1
0.05261,0.91667
6.4555e-07,1
0.063237,0.91667
0.15209,0.91667
0.12522,1
0.039142,1
0.024885,1
0.1301,1
0.05261,0.91667
0.031987,0.75
0.043351,1
0.0092599,1
0.075337,0.91667
0.020624,0.91667
0.022728,1
0.10732,1
0.022728,1
0.036248,0.91667
0.034091,1
0.061869,0.91667
0.022728,1
0.061869,1
0.05261,0.66667
0.063974,0.58333
0.015626,0.91667
0.027778,1
0.0092599,1
0.13721,1
0.011364,1
0.029883,1
0.038353,1
0.12517,1
6.0054e-07,1
0.043403,0.91667
0.036248,1
0.10732,1
0.041246,1
0.020623,1
0.064026,1
0.098117,1
0.031987,1
0.047612,1
0.0092599,1
0.18425,0.66667
0.020623,1
0.029883,0.91667
0.020624,1
0.072496,1
0.031987,1
0.027778,1
0.0092599,1
0.12084,1
0.084649,0.91667
0.022728,1
0.011364,0.91667
0.16147,0.91667
0.05261,1
0.020624,1
0.011364,1
0.041246,1
0.17511,0.75
0.022728,1
0.020624,0.91667
0.25829,0.75
0.043403,1
0.038353,1
0.011364,1
0.05261,0.66667
0.15283,1
0.054714,1
0.0092599,1
0.11869,1
0.022728,1
0.031987,0.91667
0.011364,0.91667
0.11374,1
0.066246,1
0.043351,0.75
0.020624,0.91667
0.071129,1
0.034144,1
0.020624,1
6.3957e-07,1
0.11869,1
0.011364,1
0.020623,1
0.045455,1
0.095508,0.75
0.031987,1
0.020623,1
0.045508,1
0.05261,1
0.19726,1
0.020623,1
0.085964,1
0.10732,0.91667
0.011364,1
0.18209,0.91667
0.027778,1
0.1367,1
0.029883,1
0.041246,1
0.022728,1
0.041246,1
0.041246,1
0.061869,0.91667
0.036248,0.91667
0.05261,0.75
0.031987,1
0.036248,1
6.4574e-07,1
0.091246,0.83333
0.12647,1
0.068235,1
0.009616,1
0.067465,0.875
0.031355,1
0.009616,1
0.050586,1
0.031355,1
0.02174,1
0.060201,1
0.019231,0.875
0.031355,1
6.1568e-07,1
0.045485,1
0.020486,1
0.042225,1
0.020486,1
0.01087,1
0.020486,0.875
0.042225,1
6.3058e-07,1
0.020486,1
0.020486,1
0.10347,1
0.020486,1
0.020486,1
0.040626,0.875
0.097325,0.75
0.08194,0.875
0.01087,1
0.06597,1
0.061455,1
0.061455,1
0.02174,1
0.05184,1
0.031355,1
0.073475,0.79167
0.031355,1
0.009616,1
0.009616,1
0.01087,1
0.01087,1
0.04698,1
0.061455,1
0.01087,1
0.009616,1
6.5233e-07,0.875
0.036111,1
0.06271,1
0.009616,1
0.009616,1
0.042225,1
6.3307e-07,1
0.020486,0.875
0.058947,1
0.020486,0.875
0.053094,1
0.032609,1
0.032609,1
0.096572,1
0.032609,1
0.009616,1
0.042225,0.875
0.098819,0.875
0.031355,1
0.020486,1
0.031355,1
0.04097,1
0.05184,1
0.06271,0.875
0.009616,1
0.030101,1
0.01087,1
0.020486,1
6.6511e-07,0.875
0.053094,1
0.04097,1
0.01087,1
6.2014e-07,0.875
0.009616,1
0.083194,1
0.009616,0.875
6.4922e-07,1
0.031355,1
0.01087,1
0.01087,1
0.036111,1
0.053094,0.875
0.01087,1
0.030101,1
0.030101,1
0.031355,1
0.12222,1
6.1225e-07,1
0.039716,0.875
0.042225,1
0.032609,1
0.01087,1
0.009616,1
0.12107,0.875
0.032609,1
0.031355,1
0.020486,1
0.009616,1
0.07684,1
0.055101,0.875
0.01087,1
0.030101,1
6.2478e-07,1
0.030101,1
0.009616,1
0.067465,0.875
0.042225,1
0.030101,1
0.060201,0.875
0.04097,1
0.019231,0.875
0.020486,1
6.5747e-07,1
0.1153,0.875
0.032609,1
0.042225,1
6.5551e-07,0.875
0.039716,0.91667
0.01087,1
0.020486,1
0.02174,1
0.042225,1
0.009616,1
0.020486,1
0.020486,1
0.10243,1
0.01087,1
0.01087,1
0.031355,0.875
0.04698,0.875
0.020486,1
0.031355,0.875
0.16034,0.91667
0.05184,1
6.3514e-07,1
0.039716,0.875
0.009616,1
0.042225,1
0.02174,1
0.042225,0.91667
0.04097,1
0.11982,0.79167
0.050586,1
0.030101,1
0.050586,1
0.030101,1
0.032609,1
6.4342e-07,1
0.01087,1
0.020486,1
0.059104,1
0.019231,1
0.036111,0.875
0.11771,0.91667
0.009616,1
0.009616,1
6.5546e-07,0.875
0.042225,1
0.01087,0.91667
0.020486,1
6.5779e-07,1
0.069817,1
0.01087,1
0.031355,1
0.030101,0.875
0.05184,1
0.02174,1
0.063964,0.875
0.020486,1
0.050586,1
0.01087,1
0.009616,0.875
0.019231,1
0.030101,0.875
0.04698,1
0.020486,1
0.02174,1
0.042225,1
0.031355,1
0.060201,1
0.020486,1
0.039716,1
0.009616,1
0.031355,1
0.065218,1
0.08285,1
0.04097,1
0.05184,1
0.01087,1
0.042225,1
0.030101,1
0.01087,1
0.031355,0.875
0.032609,1
0.01087,1
0.043479,1
6.4618e-07,1
0.042225,1
6.3061e-07,1
0.020486,0.875
0.095214,1
0.042225,1
0.042225,1
0.06271,0.875
0.030101,1
0.028847,1
0.030101,1
0.031355,1
0.01087,0.875
0.05184,1
0.02174,1
0.031355,1
0.020486,1
0.009616,1
0.020486,1
0.020486,1
0.009616,1
0.048077,1
0.01087,1
0.042225,1
6.4677e-07,1
0.05184,1
0.055101,1
6.5115e-07,1
0.060201,0.875
0.039716,0.875
0.061455,1
6.1599e-07,0.875
0.080686,1
0.05184,1
0.01087,1
0.019231,0.875
0.032609,1
0.05184,1
0.031355,1
0.032609,1
0.009616,1
0.030101,0.875
6.3884e-07,1
5.9968e-07,1
6.5527e-07,1
0.042225,1
0.020486,1
0.042225,1
0.020486,1
0.13343,1
0.039716,1
0.031355,1
0.009616,1
0.031355,1
0.05184,0.875
0.028847,1
0.01087,1
0.042225,1
0.061455,1
0.030101,1
0.093562,0.875
0.04097,1
0.064716,0.875
0.02174,1
0.07684,1
0.031355,1
0.043479,1
0.030101,1
0.009616,1
0.020486,1
0.063964,0.875
0.020486,1
0.02174,1
0.042225,1
0.02174,1
0.020486,1
0.032609,1
0.06271,1
0.009616,0.875
0.061455,0.875
0.036605,1
0.043707,0.91667
0.019231,1
0.019231,1
6.5284e-07,1
0.076049,0.91667
0.030595,1
0.02098,0.91667
0.043707,1
0.02098,1
0.074301,1
0.022728,0.91667
0.043707,0.91667
0.009616,1
0.02098,0.79167
0.10129,0.91667
0.036605,0.91667
0.030595,1
0.009616,0.83333
0.061605,0.91667
0.011364,1
0.022728,1
0.009616,1
0.041959,1
0.009616,1
0.057584,1
0.10957,1
0.043707,0.91667
0.036605,0.91667
0.030595,1
0.05507,0.91667
0.05507,0.91667
6.5196e-07,1
0.043707,1
0.02098,1
0.009616,1
0.011364,1
0.022728,0.91667
0.011364,1
0.02098,0.91667
0.041959,0.91667
0.074301,0.91667
0.043707,0.91667
0.04598,1
0.02098,1
0.032343,0.91667
0.030595,1
0.068947,0.91667
0.009616,0.91667
0.05507,1
0.057343,1
0.047968,0.91667
0.04021,1
0.066434,0.91667
0.009616,0.91667
0.02098,1
0.043707,0.91667
0.009616,1
0.086845,1
0.055071,0.91667
0.009616,1
0.02098,1
0.030595,0.91667
0.043707,0.91667
0.032343,0.91667
0.032343,0.91667
0.053322,0.91667
0.032343,0.83333
0.047968,0.91667
0.098777,0.91667
0.041959,0.91667
0.068707,0.91667
6.4372e-07,1
0.12203,1
0.009616,1
0.043707,0.91667
0.009616,1
0.055071,0.83333
0.041959,0.91667
0.02098,1
0.041959,0.91667
0.059332,0.75
0.04622,0.91667
0.025241,1
0.02098,1
0.043707,1
0.022728,0.91667
0.009616,0.91667
0.009616,1
0.066434,1
0.009616,1
0.009616,1
0.083917,0.83333
0.043707,0.91667
0.02098,0.91667
0.061604,1
0.041959,1
0.05507,1
0.10706,0.83333
0.011364,1
0.02098,0.91667
0.02098,0.91667
0.02098,1
0.032343,1
0.05507,1
0.043707,0.91667
0.053322,1
0.049826,1
0.053322,1
0.009616,1
0.02098,0.91667
0.032343,1
6.5329e-07,1
0.02098,1
0.032343,0.83333
0.011364,1
0.028847,1
0.064686,0.91667
0.02098,1
0.032343,1
0.019231,1
0.13003,0.83333
0.050241,0.91667
0.032343,1
0.02098,1
0.076049,0.91667
0.009616,0.91667
0.009616,1
0.059332,0.91667
0.10664,0.91667
0.030595,1
0.011364,1
0.030595,1
0.12454,0.91667
0.043707,1
0.009616,0.91667
6.53e-07,1
0.091434,0.91667
0.05507,0.91667
0.009616,1
0.02098,0.91667
0.019231,0.83333
0.011364,1
0.07605,0.83333
0.022728,1
0.09528,0.91667
0.02098,0.91667
6.1905e-07,1
0.009616,1
0.065451,0.91667
0.009616,1
0.043707,1
0.02098,0.91667
0.041959,0.91667
0.066434,0.91667
0.009616,1
0.032343,1
0.10304,0.91667
0.02098,0.83333
0.009616,0.91667
0.032343,0.83333
0.087413,0.91667
0.019231,0.83333
0.02098,1
0.02098,1
0.11984,0.91667
0.045455,0.91667
0.043707,0.91667
0.011364,1
0.032343,0.91667
0.062938,0.91667
0.009616,0.91667
0.009616,0.91667
0.087413,0.91667
0.041959,0.91667
0.07146,1
0.034091,1
0.066434,0.91667
0.041959,0.91667
0.019231,0.91667
0.074301,0.91667
0.25474,0.91667
0.051574,0.91667
0.055835,1
0.009616,1
0.061845,1
0.032343,0.91667
0.032343,0.91667
0.009616,1
0.12629,1
0.009616,0.83333
0.02098,0.91667
0.011364,1
0.030595,1
0.009616,1
0.032343,1
0.043707,0.91667
0.097028,0.91667
0.059332,0.91667
0.02098,1
0.009616,1
0.10304,1
0.02098,0.91667
0.032343,0.91667
0.04622,1
0.12653,0.91667
0.009616,0.91667
0.02098,0.91667
0.011364,1
0.047968,0.91667
0.019231,0.91667
0.043707,0.91667
0.015626,0.91667
0.11318,1
0.02098,0.83333
0.011364,1
6.2237e-07,1
0.030595,0.91667
0.011364,0.91667
0.019231,1
6.5417e-07,1
0.02098,1
0.009616,1
0.032343,1
0.022728,1
0.087413,0.91667
0.02098,0.91667
0.036605,1
0.02098,1
0.053322,0.91667
0.043707,0.83333
0.02098,0.91667
0.032343,0.91667
0.05507,0.91667
0.009616,1
0.030595,0.83333
0.011364,0.91667
0.047968,0.91667
0.009616,0.83333
0.030595,0.83333
6.3108e-07,1
0.12605,0.91667
0.097553,0.91667
0.030595,0.875
0.02098,1
0.066434,0.91667
0.02098,1
0.041959,1
0.076049,0.91667
0.089161,0.91667
0.032343,0.83333
0.032343,1
6.4882e-07,1
0.10555,1
0.041959,0.83333
0.02098,1
0.074301,1
0.087413,0.91667
0.1028,0.91667
0.032343,1
0.097028,0.83333
0.087413,0.91667
0.019231,0.91667
0.041959,0.91667
0.011364,1
0.087413,0.91667
0.055071,0.91667
0.009616,1
0.064686,0.91667
6.4905e-07,0.91667
0.019231,0.91667
0.02098,0.91667
0.025241,0.91667
0.022728,0.91667
0.041959,1
0.02098,1
0.022728,1
0.022728,1
0.047968,0.91667
0.02098,1
0.032343,0.91667
0.011364,1
0.030595,0.91667
0.064686,1
6.7168e-07,0.91667
0.053322,0.91667
0.009616,1
6.0742e-07,1
0.041959,1
0.032343,1
0.009616,0.91667
0.051574,0.83333
0.022728,0.83333
0.045455,0.91667
0.082824,0.91667
0.02098,1
0.032343,0.79167
0.11159,0.70833
0.009616,1
0.032343,1
6.7352e-07,0.83333
0.032343,1
0.009616,1
0.10809,0.83333
0.032343,0.75
0.15857,0.70833
0.009616,1
0.049716,0.91667
0.080311,1
0.043707,1
0.011364,0.83333
0.011364,1
0.038353,0.83333
0.064686,0.91667
0.011364,0.91667
0.065341,1
0.053322,1
0.094977,0.91667
0.028847,1
0.015626,0.83333
0.032343,0.83333
0.011364,1
6.032e-07,0.91667
6.2167e-07,1
0.032343,0.91667
0.045455,0.83333
0.009616,0.79167
0.04622,1
0.022728,0.91667
0.070695,0.91667
0.009616,1
0.030595,0.91667
0.022728,0.91667
0.1177,1
0.011364,0.91667
0.064686,0.91667
0.043707,1
0.05507,0.83333
0.019231,0.91667
0.02098,0.91667
0.036605,0.75
0.073209,1
0.059332,1
0.028847,1
0.011364,0.91667
0.075746,1
0.077494,0.83333
0.053322,1
0.078563,1
0.034092,1
0.032343,1
0.022728,1
0.083917,1
0.032343,0.91667
0.02098,1
0.009616,1
0.080311,1
0.028847,0.91667
0.028847,1
0.011364,1
0.064686,1
0.011364,1
0.02098,1
0.08643,1
0.095936,1
0.011364,0.91667
0.095632,0.91667
0.02098,1
0.022728,0.83333
0.064686,0.83333
0.009616,1
0.011364,1
5.8827e-07,0.91667
0.064686,0.83333
0.02098,0.91667
0.022728,1
0.011364,0.83333
0.21189,0.91667
0.009616,1
0.02098,0.75
0.041959,0.91667
0.22803,0.83333
0.043707,1
0.032343,1
0.043707,0.91667
0.074301,0.66667
5.8894e-07,0.91667
0.022728,0.91667
0.026989,0.91667
0.043707,0.83333
0.059332,1
0.054767,0.91667
0.019231,0.91667
0.055071,1
0.11866,1
0.011364,1
0.041959,1
0.053322,0.91667
0.062938,0.91667
0.041959,0.91667
0.041959,1
0.034091,0.91667
6.1229e-07,1
0.053322,0.83333
0.011364,0.83333
0.011364,0.91667
0.067199,0.83333
0.02098,1
0.043707,1
0.043707,0.91667
0.032343,0.91667
6.25e-07,1
6.6294e-07,0.83333
0.053322,0.66667
0.011364,1
0.043707,0.91667
0.05223,0.91667
0.11235,0.75
0.02098,0.91667
0.036605,0.83333
0.070695,0.83333
0.009616,1
0.009616,1
0.02098,1
6.4514e-07,0.75
0.35868,0.75
0.011364,0.91667
0.034091,1
0.062938,0.91667
0.16567,0.75
0.009616,1
0.041959,0.91667
0.062938,0.75
0.022728,1
0.02098,1
5.9996e-07,1
0.091674,1
0.043707,1
0.009616,0.91667
0.022728,1
0.080311,1
0.088178,0.91667
5.8972e-07,0.91667
0.009616,0.91667
0.02098,0.83333
0.084572,0.66667
0.02098,1
0.034091,1
6.4801e-07,0.75
0.032343,1
6.0635e-07,1
0.02098,1
0.026989,0.83333
0.048757,1
0.019231,0.91667
0.019231,1
0.091674,1
0.14401,0.83333
0.078563,0.91667
0.02098,1
0.011364,0.91667
0.061189,1
0.034091,0.91667
0.011364,0.91667
0.022728,0.83333
0.11342,0.91667
0.009616,1
0.011364,0.91667
0.043707,0.83333
0.034091,0.91667
0.02098,0.83333
0.011364,0.83333
0.030595,0.91667
0.082824,0.83333
0.011364,0.83333
6.0794e-07,0.91667
0.043707,1
0.043707,1
0.045455,0.83333
0.028847,1
0.011364,1
0.041959,1
0.022728,0.75
0.02098,1
0.02098,0.83333
0.13868,0.625
0.009616,1
0.043707,0.91667
0.041959,1
0.1209,0.58333
0.02098,0.91667
6.3912e-07,1
0.032343,0.83333
0.13934,0.83333
0.011364,0.91667
0.019231,0.91667
0.084572,1
0.032343,1
0.047968,0.83333
0.02098,1
0.078563,1
0.15431,0.625
0.02098,0.91667
0.038353,0.83333
0.022728,0.91667
0.055071,1
0.009616,0.91667
0.011364,1
0.041959,1
0.041959,1
0.04021,1
0.032343,0.91667
0.049716,0.91667
0.15606,0.83333
6.0261e-07,1
0.064686,1
0.051574,1
0.061189,1
0.022728,0.91667
0.059332,0.91667
0.022728,0.83333
0.053322,1
6.1229e-07,1
0.084572,0.91667
0.034091,0.91667
0.30656,0.91667
0.009616,1
0.043707,0.83333
0.011364,0.83333
0.022728,0.83333
0.019231,1
0.011364,0.91667
6.627e-07,0.91667
0.13615,0.83333
0.053322,1
0.011364,0.91667
0.009616,0.91667
0.16392,0.91667
0.009616,0.91667
0.022728,1
0.034091,0.91667
0.043707,1
0.061869,0.91667
0.043707,0.91667
0.038353,0.91667
0.16674,0.83333
0.019231,0.91667
0.032343,1
0.022728,1
0.13254,0.91667
0.064686,1
0.038353,0.91667
0.011364,0.83333
0.10634,0.75
0.022728,0.83333
0.034091,1
0.022728,0.83333
0.11167,0.83333
0.009616,0.91667
0.02098,1
0.032609,0.875
0.078335,0.75
0.01087,0.875
0.032609,1
0.08309,1
0.10483,0.75
0.02174,1
0.048234,0.875
0.06271,1
0.036111,0.875
0.020486,1
0.020486,1
0.085201,0.875
0.042225,1
0.095214,0.875
0.030101,0.875
0.032609,0.875
0.089204,0.875
0.030101,1
0.031355,1
0.061455,1
0.06271,1
0.009616,0.91667
0.05785,1
0.020486,1
0.020486,1
0.01087,1
0.031355,1
0.037365,0.875
0.086351,1
0.045726,0.875
0.079589,0.875
0.12732,1
0.089204,0.875
0.053094,1
0.026495,0.875
0.042225,1
0.10608,0.75
0.042225,1
0.026495,1
0.050586,1
0.098475,0.875
0.042225,1
0.059104,0.875
0.062605,0.875
0.079589,0.875
0.05184,1
0.079589,0.875
0.13132,1
0.09396,0.75
0.031355,1
0.009616,1
0.10448,0.75
0.05785,0.875
0.059104,1
0.062605,0.875
0.061455,1
0.10459,0.75
0.031355,1
0.04698,0.875
0.056595,0.875
0.08309,0.875
0.01087,1
0.050586,0.875
0.056595,0.875
0.02174,0.875
6.1165e-07,0.875
0.08285,0.875
0.05785,0.875
0.16183,1
0.042225,1
0.031355,0.875
0.04097,0.875
0.071071,0.875
0.04097,1
0.020486,0.875
0.067225,0.875
0.10007,0.875
0.066211,0.91667
0.053094,0.875
0.061351,0.875
0.089204,0.75
0.01087,1
0.020486,1
0.036111,1
0.13469,0.875
0.05184,0.875
0.04698,1
0.062605,0.75
0.13309,0.875
0.036111,0.875
0.020486,1
0.036111,0.875
0.078335,0.75
0.020486,0.875
0.019231,1
0.045726,0.875
0.032609,0.875
0.031355,0.875
0.025241,1
0.053094,0.875
0.078335,0.875
0.061455,1
0.042225,1
0.045726,0.875
0.089204,0.75
0.031355,0.875
0.009616,1
0.045726,0.875
0.061455,0.75
0.031355,1
0.031355,1
0.020486,0.875
0.048234,1
0.031355,1
0.05184,1
0.099969,0.875
0.031355,0.875
0.01087,1
0.04097,1
0.10483,0.875
0.037365,0.875
0.019231,1
0.020486,1
0.036111,0.875
0.056595,0.875
0.020486,0.875
0.067465,1
0.074833,1
0.078335,0.875
0.01087,1
0.05785,1
0.11271,0.875
0.03611,0.875
0.05184,0.875
0.032609,0.875
0.048234,1
0.07708,0.75
0.031355,1
0.020486,1
0.053094,1
0.36717,0.625
0.009616,1
0.02174,0.875
0.05785,0.875
0.15819,0.75
0.020486,1
0.01087,1
0.020486,1
0.15958,0.875
0.020486,1
0.020486,1
0.055341,0.875
0.13944,0.875
0.06271,0.875
0.10785,1
0.048234,0.875
0.055101,0.875
0.020486,1
0.039716,1
0.05299,0.875
0.08309,1
0.01087,0.875
0.020486,1
0.12708,0.75
0.042225,1
0.071071,0.875
0.020486,1
0.05184,0.875
0.078335,0.75
0.030101,1
0.01087,0.875
0.064957,0.75
0.09722,0.75
0.031355,1
0.067225,1
0.042225,1
0.078335,0.875
0.020486,0.625
0.05785,1
0.11386,0.875
0.09396,0.75
0.030101,1
0.063859,1
0.059104,1
0.072325,0.75
0.053094,0.75
0.020486,0.875
0.036111,0.875
0.042225,0.875
0.22698,1
0.036111,1
0.06271,1
0.092465,0.875
0.078334,0.875
0.030101,1
0.02174,1
0.04097,1
0.1227,0.875
0.031355,1
0.061455,0.875
0.091211,0.875
0.060201,0.875
0.01087,1
0.081355,0.875
0.16444,0.75
0.020486,1
0.020486,0.875
0.04698,0.875
0.031355,1
0.05184,1
0.04698,1
0.063964,0.875
0.05785,0.875
0.032609,1
0.053094,1
0.042225,1
0.068719,0.75
0.08795,0.875
0.020486,1
0.053094,1
0.04698,0.875
0.081595,1
0.030101,0.875
0.067465,1
0.073579,0.875
0.03611,1
0.042225,1
0.13968,0.75
0.020486,1
0.056595,1
0.06271,1
0.07222,1
0.05785,0.875
0.053094,1
0.04698,1
0.050586,0.875
0.18122,0.75
0.051735,1
0.031355,1
0.042225,1
0.09396,0.75
0.071071,1
0.067465,1
0.037365,0.875
0.04097,0.875
0.01087,1
0.030101,1
0.045726,0.75
0.04698,0.875
0.053094,1
0.01087,0.875
0.039716,0.875
0.083194,0.875
0.042225,1
0.031355,1
0.04097,0.875
0.07222,0.75
0.042225,0.875
0.050586,1
0.055341,0.875
0.02174,1
0.02174,0.875
0.063964,0.875
0.039716,1
0.11795,0.875
0.020486,0.875
0.05184,0.875
0.056595,0.875
0.1193,0.875
0.031355,1
0.10945,0.875
0.056595,0.875
0.031355,1
0.031355,0.875
0.05785,0.875
0.068719,0.875
0.042225,1
0.04698,0.875
0.042225,1
0.009616,1
0.030101,1
0.04097,1
0.031355,1
0.04097,1
0.032609,1
0.06271,0.75
0.020486,1
0.019231,1
0.13126,0.79167
0.039716,1
0.031355,1
0.07684,1
0.1728,0.91667
0.055101,0.91667
0.009616,1
0.055676,1
0.11135,0.875
0.032609,1
0.020486,1
0.055676,1
0.096646,1
0.020486,1
0.050586,1
0.02174,1
0.1927,0.75
0.030101,1
0.032609,1
0.031355,1
0.071061,1
0.009616,0.875
0.031355,1
0.06597,1
0.08193,1
0.009616,0.875
0.01087,1
0.020486,1
0.10752,1
0.01087,0.875
0.031355,1
0.031355,1
6.8279e-07,1
0.020486,1
0.035191,0.875
0.01087,1
0.042225,1
0.031355,1
0.042225,1
0.02174,1
0.05693,1
0.046061,1
0.03587,1
0.053094,0.875
0.071061,0.875
0.055676,0.875
0.01087,1
0.046061,1
0.0979,0.79167
0.028847,0.875
0.031355,1
0.047315,0.875
0.020486,1
0.030101,1
0.019231,0.875
0.01087,1
0.13057,0.875
0.031355,1
0.031355,0.875
6.6559e-07,1
0.14722,0.91667
6.0003e-07,0.875
0.04097,1
0.077415,0.91667
0.053094,1
0.061455,0.875
0.04097,1
0.009616,1
0.078094,0.875
0.031355,1
0.019231,0.875
0.3515,1
0.060191,0.875
0.009616,1
0.019231,0.875
0.056931,0.79167
0.10752,0.875
0.04097,1
0.020486,1
0.024322,1
0.099907,0.79167
0.060767,1
0.01087,1
0.01087,1
0.039716,1
0.01087,1
0.009616,1
0.046061,1
0.06271,0.79167
0.044807,1
0.01087,1
0.042225,1
0.065292,0.875
0.042225,0.875
0.05184,1
0.10819,0.875
0.043479,1
0.04097,1
0.031355,0.875
0.030101,1
0.096646,1
0.019231,1
0.05184,0.875
0.05184,0.875
0.08771,1
0.046061,1
0.01087,1
0.080686,0.875
0.091546,0.875
0.009616,1
0.009616,0.875
0.031355,0.79167
0.12165,0.875
0.094703,0.875
0.030101,1
0.020486,1
0.12924,0.875
0.05693,1
0.030101,1
0.053094,0.875
0.087031,0.875
0.05184,1
0.044807,0.875
0.030101,0.875
0.08193,0.875
0.10953,1
0.077415,1
6.5202e-07,0.875
0.1997,0.625
0.02174,1
0.030101,1
0.046061,1
0.02174,1
0.060191,0.875
0.065292,0.875
0.030101,1
0.058185,1
0.030101,1
0.053094,0.91667
0.019231,1
0.078094,1
0.031355,0.875
0.046061,0.91667
0.042225,1
0.23367,0.5
0.01087,1
0.055101,0.875
0.009616,1
0.10694,1
0.031355,1
0.030101,0.875
0.009616,1
0.083195,1
0.031355,1
0.01087,1
0.054422,1
0.042225,0.875
0.053094,1
0.020486,1
0.060767,0.91667
0.088285,1
0.055676,0.75
0.031355,1
0.032609,1
0.02174,1
0.035191,1
0.060201,0.91667
0.11009,0.875
0.13252,1
0.019231,1
0.020486,1
0.031355,0.875
0.12473,1
0.055101,1
0.01087,1
0.14087,1
0.040971,1
0.020486,0.875
0.04097,1
0.07867,1
0.066546,1
0.02174,0.875
0.077415,1
0.024322,1
0.15684,0.91667
0.009616,1
0.035191,0.79167
0.11203,1
0.06271,1
0.056355,0.75
0.009616,1
0.020486,1
0.077415,1
0.030101,1
0.05184,0.875
0.066546,1
0.15184,1
0.079998,0.875
0.05184,1
0.051151,1
0.031355,1
0.01087,0.875
0.030101,1
0.032609,1
0.031355,1
0.031355,1
0.024322,0.91667
0.072325,0.91667
0.087031,1
0.04097,0.875
0.04097,1
0.014707,0.875
0.10752,0.875
0.01087,0.875
0.030101,0.875
0.076161,1
0.14339,1
0.020486,1
0.031355,1
0.053094,1
0.19395,0.66667
0.009616,1
0.020486,0.875
0.053094,1
0.088285,0.875
0.030101,1
0.042225,1
0.05184,1
0.087031,1
0.020486,1
0.020486,1
0.080686,1
0.049322,1
0.031355,0.875
0.042225,1
0.17018,0.875
0.11713,0.875
0.05184,1
0.072325,1
0.020486,1
0.16839,0.875
0.031355,1
0.077415,1
0.020486,1
0.088285,1
0.061455,1
0.050586,0.875
0.035191,1
0.05184,1
0.032609,0.79167
0.045485,0.875
0.032609,1
0.031355,1
0.04097,0.875
0.071071,1
0.025576,1
0.091556,1
0.031355,1
0.020486,0.875
0.024322,1
0.11906,0.91667
0.18761,0.79167
0.035191,1
0.067225,0.875
0.042225,0.91667
0.02174,0.875
0.020486,1
6.517e-07,0.875
0.064716,0.875
0.031355,0.875
0.01087,1
0.042225,0.79167
0.16594,0.91667
0.04097,0.91667
0.020486,0.91667
0.032609,0.79167
0.063964,1
0.042225,0.91667
0.020486,0.91667
0.18031,0.54167
0.05785,1
0.025241,1
0.032609,1
0.053094,0.91667
0.11546,1
0.031355,1
0.01087,1
0.026495,0.70833
0.089204,1
0.073579,1
0.042225,0.91667
0.04097,1
0.054348,1
0.031355,1
0.032609,1
0.053094,0.875
0.020486,0.91667
0.030101,0.91667
0.031355,1
0.04097,0.91667
0.042225,1
0.01087,0.91667
0.031355,0.91667
0.084344,0.91667
0.059104,1
0.01087,1
0.031355,1
0.045726,0.83333
0.16108,0.875
0.032609,1
0.05184,1
0.032609,1
0.05184,1
0.02174,1
0.09396,0.91667
0.098819,0.91667
0.049332,1
0.094064,1
0.020486,1
0.063964,0.91667
0.02174,0.91667
0.03611,0.875
0.053094,0.91667
0.09396,1
0.15042,0.91667
0.032609,1
0.020486,1
0.073579,0.91667
0.095214,1
0.053094,1
0.02174,1
0.068479,1
0.07684,1
0.042225,1
0.031355,0.91667
0.009616,0.79167
0.05785,1
0.02174,1
0.063964,0.91667
0.02174,1
0.1117,0.91667
0.020486,1
0.05785,1
0.043479,1
0.04097,0.91667
0.049332,0.91667
0.053094,1
0.031355,0.91667
0.10708,0.79167
0.02174,1
0.020486,0.91667
0.031355,0.91667
0.031355,1
0.053094,0.91667
0.098819,0.91667
0.042225,0.91667
0.12507,1
0.053094,1
0.02174,1
0.02174,0.91667
0.11546,1
0.092465,1
0.042225,1
0.04212,1
0.053094,1
0.073579,1
0.06271,0.91667
0.05785,0.91667
0.12657,1
0.072325,1
0.031355,1
0.04698,1
0.042225,1
0.020486,1
0.032609,1
0.094064,0.91667
0.083194,0.91667
0.009616,1
0.031355,1
0.054348,0.91667
0.063964,0.91667
0.042225,1
0.020486,1
0.031251,1
0.07684,0.91667
0.020486,0.91667
0.03611,0.875
0.020486,0.91667
0.12257,0.875
0.031355,1
0.030101,0.91667
6.5332e-07,1
0.036111,0.91667
0.042225,0.91667
0.05184,0.91667
0.063964,0.91667
0.14545,0.91667
0.031355,0.91667
0.032609,1
0.066211,0.875
0.1122,1
0.02174,0.91667
0.074833,0.91667
0.063964,0.91667
0.031355,0.91667
0.031355,1
0.031355,1
0.009616,0.79167
0.15969,0.91667
0.02174,0.91667
0.031355,1
0.031355,1
0.1657,0.875
0.02174,1
0.01087,1
0.088859,0.91667
0.04698,1
0.074833,1
0.074833,1
0.032609,0.83333
0.22681,0.91667
0.063964,1
0.042225,1
0.056595,0.91667
0.15031,1
0.020486,0.91667
0.05785,1
0.01087,1
0.068719,1
0.05184,1
0.02174,0.91667
0.020486,1
0.02174,0.91667
0.020486,1
0.036111,0.91667
0.06271,0.91667
0.12983,1
0.042225,1
0.043479,1
0.02174,1
0.094064,0.91667
0.020486,1
0.02174,1
0.032609,1
0.086455,1
0.06271,1
0.032609,1
0.07823,0.91667
0.075586,0.91667
0.02174,0.91667
0.032609,1
0.01087,1
0.1423,0.91667
0.1657,0.79167
0.05184,0.91667
0.01087,0.91667
0.11546,1
0.030101,0.91667
0.032609,0.91667
0.073579,0.91667
0.05184,1
0.050586,0.91667
0.04698,0.91667
0.020486,1
0.068719,1
0.031355,1
0.067465,0.91667
0.04698,0.91667
0.056595,0.91667
0.032609,0.91667
0.05184,0.91667
0.009616,0.875
0.11805,1
0.039716,1
0.02174,0.91667
0.04698,1
0.072325,0.91667
0.043479,0.91667
0.04097,1
0.056595,0.83333
0.06271,0.91667
0.01087,1
0.036111,1
0.061455,1
0.15031,1
0.032609,1
0.076087,1
0.031355,1
0.083194,1
0.053094,1
0.050586,1
0.053094,1
0.098819,0.91667
0.032609,1
0.095318,1
0.07708,1
0.12531,1
0.030101,1
0.06271,1
0.06271,0.79167
0.093959,1
0.01087,0.91667
0.042225,1
0.073579,0.91667
0.063964,0.91667
0.019231,1
0.030101,1
0.042225,1
0.14906,0.91667
0.06271,0.91667
0.04097,1
0.037365,1
0.053094,0.91667
0.10333,0.91667
0.020486,1
0.04097,1
0.1066,1
0.05184,0.91667
0.042225,0.91667
0.042225,1
0.020486,1
0.05184,1
0.030101,0.91667
0.084344,1
0.068719,1
0.037365,0.91667
0.030101,0.91667
0.053094,0.91667
0.031355,1
0.05785,1
0.05184,1
0.020486,0.79167
0.08285,0.91667
0.042225,0.91667
0.06271,0.91667
0.073579,1
0.068719,0.875
0.032609,0.91667
0.053094,1
0.05184,0.79167
0.067465,1
0.031355,1
0.053094,1
0.060201,0.875
0.05785,1
0.031355,1
0.032609,0.91667
0.056355,0.91667
0.068719,0.91667
0.042225,0.91667
0.031355,1
0.041959,1
0.057584,1
0.02098,1
0.019231,1
0.015626,1
0.089926,0.91667
0.051574,0.91667
0.02098,1
0.011364,0.91667
0.030595,1
0.011364,0.91667
6.203e-07,0.91667
6.5564e-07,1
0.078563,1
0.062938,1
0.030595,0.91667
0.047728,0.91667
0.067199,1
0.10129,0.91667
0.044472,0.91667
0.019231,1
0.12828,0.91667
0.030595,1
0.019231,1
0.032343,0.91667
0.07146,1
0.009616,1
0.009616,1
0.040866,0.91667
0.009616,1
0.009616,0.91667
0.041959,0.91667
0.04622,1
0.085665,1
0.043707,1
0.009616,1
0.10398,0.83333
0.10304,1
0.053322,0.91667
0.030595,1
0.036605,0.91667
0.17024,0.91667
0.009616,1
0.057584,1
6.6259e-07,1
0.15863,1
0.019231,1
0.041959,0.91667
0.02098,0.91667
0.011364,1
0.051574,0.91667
0.036605,1
6.5594e-07,1
0.015626,0.91667
0.055071,1
0.059332,0.91667
6.5696e-07,1
0.10916,0.91667
0.009616,1
0.009616,1
0.030595,0.91667
0.15461,0.91667
0.028847,1
0.030595,1
0.032343,0.91667
0.11091,0.91667
0.019231,1
0.062938,1
0.02098,1
0.057584,1
0.053322,0.91667
0.009616,0.91667
0.009616,1
0.14978,0.75
0.06521,0.91667
0.031251,1
6.5564e-07,1
0.030595,1
0.043707,1
0.032343,0.91667
0.053322,0.91667
0.025241,0.91667
0.019231,1
0.009616,0.91667
0.02098,1
0.09528,1
0.080311,1
0.019231,1
0.031251,1
0.14926,0.91667
0.009616,0.91667
0.015626,1
6.5236e-07,0.91667
0.02098,0.91667
0.019231,1
0.075241,0.83333
0.025241,1
0.48374,0.54167
0.019231,1
0.02098,0.91667
0.099542,1
0.04622,1
6.2406e-07,1
0.009616,1
0.011364,1
0.070805,1
0.041959,0.91667
0.019231,0.91667
0.056819,0.91667
0.019231,1
6.1904e-07,1
0.043707,0.91667
0.011364,1
0.11091,0.91667
0.04021,1
0.053322,1
0.070805,1
0.14139,1
0.009616,1
0.050241,1
0.009616,0.91667
0.14674,0.91667
0.022728,1
0.011364,0.91667
0.019231,1
0.1241,0.91667
0.009616,1
0.041959,1
0.025241,1
0.019231,0.91667
0.019231,1
0.041959,0.91667
0.053322,1
0.053322,1
0.055595,1
0.040866,0.91667
0.022728,0.91667
0.0096161,1
6.0761e-07,1
0.051574,1
0.055835,0.91667
0.036605,0.91667
0.10839,0.91667
0.009616,1
6.4819e-07,0.91667
0.067199,1
0.059332,1
0.04021,1
0.009616,1
0.036605,0.91667
0.069712,1
0.02098,1
0.02098,1
0.16702,1
0.02098,0.83333
0.02098,1
0.025241,0.91667
0.15153,1
0.030595,1
0.030595,1
0.02098,1
6.2529e-07,1
0.030595,1
0.036605,1
6.093e-07,0.91667
0.026989,0.91667
0.061605,0.83333
0.019231,1
0.022728,1
0.04622,1
0.02098,0.91667
0.043707,1
0.10782,1
0.12227,1
0.019231,1
0.038353,0.91667
0.04622,1
0.085665,1
0.049826,0.91667
0.041959,1
0.009616,1
0.057584,1
0.011364,0.91667
0.025241,1
0.02098,0.91667
0.068947,1
0.057584,0.91667
0.080311,0.83333
0.025241,1
0.089926,0.91667
0.041959,1
0.009616,1
0.009616,1
0.10706,1
0.062938,1
6.3268e-07,0.91667
6.4452e-07,0.91667
0.12839,0.91667
0.011364,1
0.084572,1
0.032343,1
5.9326e-07,1
0.009616,0.91667
0.019231,1
0.057343,1
0.2031,0.91667
0.040866,0.91667
0.060097,1
0.009616,1
0.049716,0.91667
0.066434,1
0.041959,1
0.036605,0.91667
0.13055,1
0.019231,1
0.009616,0.91667
0.009616,1
0.078563,0.91667
6.085e-07,0.91667
0.041959,1
0.009616,1
0.036605,1
0.009616,1
0.025241,0.91667
0.019231,1
0.14191,1
6.2547e-07,1
0.009616,1
0.009616,1
0.064686,0.91667
0.041959,0.91667
0.011364,1
0.030595,1
0.15393,1
0.040626,0.91667
0.032343,1
0.011364,0.91667
0.064686,0.91667
0.011364,1
0.074301,1
0.043707,1
0.041959,1
0.057584,1
0.032343,0.91667
0.011364,0.91667
0.063593,0.91667
0.041959,1
0.089926,1
0.085665,0.91667
0.04622,0.91667
0.032343,1
0.009616,1
0.009616,0.91667
0.11517,0.91667
0.04622,1
0.032343,1
0.019231,1
0.02098,1
0.044472,1
0.019231,0.91667
0.032343,0.91667
0.022728,0.91667
0.07122,0.91667
0.030595,1
0.02098,0.91667
0.072553,0.91667
0.030595,0.91667
0.028847,1
0.16744,1
0.13964,0.91667
0.032343,0.83333
0.025241,0.91667
0.02098,1
0.14017,0.91667
5.9881e-07,0.91667
0.009616,1
0.009616,0.91667
0.12402,1
0.019231,1
6.5513e-07,0.91667
0.020486,1
0.039716,0.875
0.019231,0.875
0.04097,0.875
0.02174,0.875
0.020486,0.875
0.0928,0.79167
0.031355,0.875
0.025576,0.875
0.030101,0.66667
0.031355,0.875
6.1759e-07,0.875
0.009616,0.91667
0.065282,0.79167
6.343e-07,0.875
0.009616,0.79167
0.053094,0.875
0.055676,1
6.3593e-07,0.875
0.020486,1
0.065292,0.79167
0.020486,0.875
0.009616,0.875
6.145e-07,0.79167
0.031355,0.875
0.031355,0.66667
0.019231,0.875
0.009616,0.875
0.02174,0.875
0.11712,0.625
0.019231,0.875
0.009616,0.875
0.024322,0.54167
0.031355,0.875
6.2951e-07,0.875
0.042225,0.79167
0.053094,0.875
0.020486,0.75
0.031355,0.875
0.040282,0.79167
0.01087,0.875
0.075586,0.875
0.01087,0.875
0.01087,0.875
0.074332,0.875
0.08194,0.66667
0.019231,0.875
0.030101,0.79167
0.030101,0.875
0.054422,0.66667
0.019231,0.875
6.2527e-07,0.75
0.042225,0.875
0.066546,0.79167
0.042225,0.875
0.009616,0.875
0.042225,0.79167
0.01087,0.79167
0.030101,0.875
0.020486,0.75
0.060201,0.66667
0.042225,0.875
0.01087,0.875
0.009616,0.75
0.01087,0.875
0.009616,0.875
0.02174,0.875
0.019231,0.875
0.050586,0.875
0.086445,0.875
0.13183,0.91667
0.020486,1
0.042225,0.79167
0.073579,0.875
0.01087,0.875
0.020486,0.875
0.01087,0.875
0.042225,0.875
0.054422,0.79167
0.020486,0.875
0.019231,1
0.065292,0.79167
0.009616,1
0.035191,0.875
0.030101,0.79167
0.031355,0.875
0.019231,0.79167
0.030101,0.79167
0.01087,0.875
0.020486,0.75
0.020486,0.875
0.01087,0.875
0.036446,0.875
0.020486,0.875
0.01087,0.875
0.035191,0.875
0.032609,1
0.10368,0.66667
6.3393e-07,0.875
0.04097,0.79167
0.04097,0.79167
0.042225,0.875
0.01087,0.875
0.009616,0.875
0.039716,0.75
0.12089,0.66667
0.02174,0.875
0.020485,0.875
0.028847,0.79167
0.15489,0.79167
6.2827e-07,0.875
0.009616,1
0.024322,0.79167
0.081252,0.79167
0.031355,0.875
0.009616,0.75
0.035191,0.875
0.054422,0.875
0.020486,0.875
0.028847,0.75
0.049332,0.75
0.11712,0.45833
0.02174,0.875
0.025576,0.875
0.030101,1
0.1427,0.79167
0.031355,0.875
0.020486,0.875
0.030101,0.875
0.046061,0.79167
0.009616,0.875
0.031355,0.875
0.12742,1
0.009616,0.875
0.02174,0.79167
0.020486,0.79167
0.084513,0.91667
0.079998,0.875
0.009616,0.91667
0.030101,0.875
0.020486,0.625
0.06271,0.70833
0.080676,0.66667
0.02174,1
0.031355,0.875
0.13761,0.70833
0.031355,0.79167
0.020486,0.79167
0.042225,0.875
0.030101,0.875
6.281e-07,0.875
0.020486,0.66667
0.060201,0.75
0.13692,0.625
0.01087,0.79167
0.030101,0.75
0.039716,0.66667
0.028847,0.79167
6.2952e-07,0.875
0.02174,0.875
0.020486,0.75
0.031355,0.66667
0.020486,0.875
0.04097,0.875
6.3682e-07,0.79167
0.065292,0.66667
6.4873e-07,0.75
0.04097,0.875
0.097325,0.91667
0.075586,0.75
6.3393e-07,0.875
0.02174,0.79167
0.01087,0.79167
0.086342,0.79167
0.009616,0.875
0.020486,0.79167
0.028847,0.875
0.025576,0.79167
0.019231,0.875
0.01087,0.83333
0.020486,0.75
0.031355,0.75
0.04097,0.66667
0.01087,1
0.020486,0.875
0.056355,0.79167
0.05184,0.875
0.035191,1
0.020486,1
0.01087,0.875
0.009616,0.79167
0.009616,0.75
0.045486,0.875
6.7772e-07,0.875
0.030101,0.875
0.031355,0.875
0.035191,0.75
0.076161,0.79167
0.019231,0.875
0.019231,1
0.028847,0.66667
0.10299,0.66667
6.1885e-07,0.875
0.030101,0.875
0.028847,0.75
0.055676,0.875
0.01087,0.66667
0.019231,0.875
0.034616,0.875
0.030101,0.875
0.031355,0.875
0.035191,0.875
0.020486,1
0.092121,0.66667
0.050586,0.875
0.019231,0.875
0.04097,0.875
0.042225,1
6.1884e-07,0.875
0.031355,0.875
0.031355,0.875
0.10174,0.66667
0.030101,0.875
0.031355,0.875
0.028847,0.875
0.095392,0.79167
0.020486,0.66667
0.044807,0.875
0.0678,0.875
0.020486,0.75
0.04097,0.79167
0.046061,0.79167
0.019231,0.91667
0.11587,0.70833
0.020486,0.75
0.055676,0.875
0.030101,0.54167
0.039716,0.875
0.020486,0.875
0.009616,0.875
0.02174,0.875
0.009616,0.875
0.030101,0.75
0.031355,0.875
0.04097,0.79167
0.019231,0.875
0.009616,0.875
0.031355,0.875
0.01087,0.875
0.092121,0.70833
0.020486,0.875
0.01087,0.875
0.098643,1
0.053094,0.79167
0.019231,0.875
0.020486,0.875
0.04097,0.79167
0.01087,0.75
0.019231,1
0.033937,0.875
0.042225,0.79167
0.030101,0.75
0.04097,0.79167
0.01087,1
0.031355,0.875
0.079998,0.79167
0.020486,0.875
0.02174,0.875
0.019231,0.875
0.009616,0.875
0.009616,0.79167
0.020486,0.875
0.030101,0.75
0.02174,0.875
0.020486,0.875
6.2529e-07,0.75
0.02174,0.875
6.7549e-07,0.875
0.028847,0.91667
0.020486,0.79167
